#
# A fatal error has been detected by the Java Runtime Environment:
#
#  EXCEPTION_ACCESS_VIOLATION (0xc0000005) at pc=0x00007ffbc67c6b07, pid=12892, tid=18860
#
# JRE version: OpenJDK Runtime Environment Corretto-17.0.10.7.1 (17.0.10+7) (build 17.0.10+7-LTS)
# Java VM: OpenJDK 64-Bit Server VM Corretto-17.0.10.7.1 (17.0.10+7-LTS, mixed mode, sharing, tiered, compressed oops, compressed class ptrs, g1 gc, windows-amd64)
# Problematic frame:
# C  [glass.dll+0x26b07]
#
# No core dump will be written. Minidumps are not enabled by default on client versions of Windows
#
# If you would like to submit a bug report, please visit:
#   https://github.com/corretto/corretto-17/issues/
#

---------------  S U M M A R Y ------------

Command Line: -javaagent:C:\Program Files\JetBrains\IntelliJ IDEA Community Edition 2023.3.4\lib\idea_rt.jar=54368:C:\Program Files\JetBrains\IntelliJ IDEA Community Edition 2023.3.4\bin -Dfile.encoding=UTF-8 --module-path=C:\Users\baile\.m2\repository\org\openjfx\javafx-graphics\17.0.6\javafx-graphics-17.0.6-win.jar;C:\Users\baile\.m2\repository\org\openjfx\javafx-controls\17.0.6\javafx-controls-17.0.6-win.jar;C:\Users\baile\.m2\repository\org\openjfx\javafx-base\17.0.6\javafx-base-17.0.6-win.jar;C:\Users\baile\.m2\repository\org\openjfx\javafx-fxml\17.0.6\javafx-fxml-17.0.6-win.jar;C:\Users\baile\IdeaProjects\Main_SEM_PROJ\target\classes -Djdk.module.main=com.example.main_sem_proj com.example.main_sem_proj/com.example.main_sem_proj.HelloApplication

Host: 11th Gen Intel(R) Core(TM) i5-1135G7 @ 2.40GHz, 8 cores, 7G,  Windows 10 , 64 bit Build 19041 (10.0.19041.3636)
Time: Sun Apr 21 17:22:18 2024 E. Australia Standard Time elapsed time: 91.458256 seconds (0d 0h 1m 31s)

---------------  T H R E A D  ---------------

Current thread (0x0000021ac380a0e0):  VMThread "VM Thread" [stack: 0x000000a164a00000,0x000000a164b00000] [id=18860]

Stack: [0x000000a164a00000,0x000000a164b00000],  sp=0x000000a164afee90,  free space=1019k
Native frames: (J=compiled Java code, j=interpreted, Vv=VM code, C=native code)
C  [glass.dll+0x26b07]


siginfo: EXCEPTION_ACCESS_VIOLATION (0xc0000005), reading address 0x0000000000000000


Registers:
RAX=0x0000000000000000, RBX=0x0000021ac3817e20, RCX=0x0000021ac380a0e0, RDX=0x000000a164afee90
RSP=0x000000a164afee90, RBP=0x0000021b0962e248, RSI=0x0000021b0962e220, RDI=0x00002b61a4d62073
R8 =0x0000000000010002, R9 =0x00002b61a4d62073, R10=0x0000000000008000, R11=0x000000a164afee20
R12=0x00007ffbc67c43d4, R13=0x00007ffb7de4dee0, R14=0x000000a164afef88, R15=0x0000021b0962e220
RIP=0x00007ffbc67c6b07, EFLAGS=0x0000000000010206


Register to memory mapping:

RIP=0x00007ffbc67c6b07 glass.dll
RAX=0x0 is NULL
RBX=0x0000021ac3817e20 is a global jni handle
RCX=0x0000021ac380a0e0 points into unknown readable memory: 0x00007ffb7dc7d8b8 | b8 d8 c7 7d fb 7f 00 00
RDX=0x000000a164afee90 points into unknown readable memory: 0x0000000000000000 | 00 00 00 00 00 00 00 00
RSP=0x000000a164afee90 points into unknown readable memory: 0x0000000000000000 | 00 00 00 00 00 00 00 00
RBP=0x0000021b0962e248 points into unknown readable memory: 0x00002b61a4d62073 | 73 20 d6 a4 61 2b 00 00
RSI=0x0000021b0962e220 points into unknown readable memory: 0xf7602b625b081392 | 92 13 08 5b 62 2b 60 f7
RDI=0x00002b61a4d62073 is an unknown value
R8 =0x0000000000010002 is an unknown value
R9 =0x00002b61a4d62073 is an unknown value
R10=0x0000000000008000 is an unknown value
R11=0x000000a164afee20 points into unknown readable memory: 0x0000021b0962e220 | 20 e2 62 09 1b 02 00 00
R12=0x00007ffbc67c43d4 glass.dll
R13=0x00007ffb7de4dee0 jvm.dll
R14=0x000000a164afef88 points into unknown readable memory: 0x000000a164afef70 | 70 ef af 64 a1 00 00 00
R15=0x0000021b0962e220 points into unknown readable memory: 0xf7602b625b081392 | 92 13 08 5b 62 2b 60 f7


Top of Stack: (sp=0x000000a164afee90)
0x000000a164afee90:   0000000000000000 0000021b0962e220
0x000000a164afeea0:   00007ffb7de4dee0 00007ffbc67c43d4
0x000000a164afeeb0:   0000021b0962e228 00007ffbf3a442d6
0x000000a164afeec0:   00002b61a4d62073 0000021b00000000
0x000000a164afeed0:   0000021b0962e248 0000021b0962e220
0x000000a164afeee0:   fffffffffffffffe 0000000000000000
0x000000a164afeef0:   0000000000000001 00007ffbc67a0000
0x000000a164afef00:   000000a164afef78 00007ffbf3a441fb
0x000000a164afef10:   0000000000000000 000000a164afef88
0x000000a164afef20:   000000a164aff260 00007ffbf3b20e40
0x000000a164afef30:   0000000000000001 00007ffbf3a441b4
0x000000a164afef40:   0000000000000000 0000000000000001
0x000000a164afef50:   00007ffb00000001 000000a164afef78
0x000000a164afef60:   0000000000000000 00007ffbc67c4261
0x000000a164afef70:   00007ffbc67da138 00007ffb00000002
0x000000a164afef80:   0000000000000002 000000a164afef70
0x000000a164afef90:   00007ffbf30a3500 00007ffbf6069993
0x000000a164afefa0:   0000000000000000 00007ffbc67c4386
0x000000a164afefb0:   0000000000000001 00007ffbf26a0000
0x000000a164afefc0:   0000000000000001 00007ffbf3094b9d
0x000000a164afefd0:   00007ffbf3090000 0000000000000000
0x000000a164afefe0:   0000000000000001 00007ffbf26a0000
0x000000a164afeff0:   00007ffbc67a0000 000000007ffe0384
0x000000a164aff000:   0000000000000000 00007ffbf6069a1d
0x000000a164aff010:   00007ffbc67a0000 0000000000000000
0x000000a164aff020:   0000000000000001 000000007ffe0385
0x000000a164aff030:   0000000000000000 00007ffbf60ade41
0x000000a164aff040:   0000a465ecca9c00 0000000000000014
0x000000a164aff050:   00007ffbc67c43d4 0000000000000000
0x000000a164aff060:   0000000000000000 000000a163ef8000
0x000000a164aff070:   0000021b09ff1970 00007ffbf60adcda
0x000000a164aff080:   0000021b09ff08b0 00007ffbc67a0000 

Instructions: (pc=0x00007ffbc67c6b07)
0x00007ffbc67c6a07:   8b 4d 58 e8 01 cf ff ff 48 8b 4d 60 e8 f8 ce ff
0x00007ffbc67c6a17:   ff 48 8b 95 80 00 00 00 48 8b 8d 18 01 00 00 e8
0x00007ffbc67c6a27:   c6 c3 ff ff 33 d2 33 c9 e8 3c e1 ff ff 90 48 89
0x00007ffbc67c6a37:   54 24 10 55 48 83 ec 20 48 8b ea 48 b8 00 00 00
0x00007ffbc67c6a47:   00 00 00 00 00 48 83 c4 20 5d c3 cc 40 55 48 8b
0x00007ffbc67c6a57:   ea 48 8b 01 33 c9 81 38 05 00 00 c0 0f 94 c1 8b
0x00007ffbc67c6a67:   c1 5d c3 cc 40 55 48 83 ec 20 48 8b ea 8a 4d 40
0x00007ffbc67c6a77:   48 83 c4 20 5d e9 f7 d2 ff ff cc 40 55 48 83 ec
0x00007ffbc67c6a87:   20 48 8b ea 8a 4d 20 e8 e5 d2 ff ff 90 48 83 c4
0x00007ffbc67c6a97:   20 5d c3 cc 40 55 48 83 ec 20 48 8b ea 48 83 c4
0x00007ffbc67c6aa7:   20 5d e9 46 d1 ff ff cc 40 55 48 83 ec 30 48 8b
0x00007ffbc67c6ab7:   ea 48 8b 01 8b 10 48 89 4c 24 28 89 54 24 20 4c
0x00007ffbc67c6ac7:   8d 0d e7 d5 ff ff 4c 8b 45 70 8b 55 68 48 8b 4d
0x00007ffbc67c6ad7:   60 e8 87 d0 ff ff 90 48 83 c4 30 5d c3 cc cc cc
0x00007ffbc67c6ae7:   cc cc cc cc cc cc cc cc cc 40 53 48 83 ec 20 48
0x00007ffbc67c6af7:   8b 1d 33 30 01 00 48 85 db 74 16 e8 09 8b ff ff
0x00007ffbc67c6b07:   4c 8b 00 48 8b d3 48 8b c8 41 ff 90 b0 00 00 00
0x00007ffbc67c6b17:   90 48 83 c4 20 5b c3 cc cc 40 53 48 83 ec 20 48
0x00007ffbc67c6b27:   8b 1d ab 31 01 00 48 85 db 74 57 b8 ff ff ff ff
0x00007ffbc67c6b37:   f0 0f c1 43 10 83 f8 01 75 3d 48 85 db 74 38 48
0x00007ffbc67c6b47:   8b 0b 48 85 c9 74 0d ff 15 54 07 00 00 48 c7 03
0x00007ffbc67c6b57:   00 00 00 00 48 8b 4b 08 48 85 c9 74 0d e8 a7 cd
0x00007ffbc67c6b67:   ff ff 48 c7 43 08 00 00 00 00 ba 18 00 00 00 48
0x00007ffbc67c6b77:   8b cb e8 92 cd ff ff 48 c7 05 4f 31 01 00 00 00
0x00007ffbc67c6b87:   00 00 48 83 c4 20 5b c3 cc 40 53 48 83 ec 20 48
0x00007ffbc67c6b97:   8b 1d 1b 31 01 00 48 85 db 74 57 b8 ff ff ff ff
0x00007ffbc67c6ba7:   f0 0f c1 43 10 83 f8 01 75 3d 48 85 db 74 38 48
0x00007ffbc67c6bb7:   8b 0b 48 85 c9 74 0d ff 15 e4 06 00 00 48 c7 03
0x00007ffbc67c6bc7:   00 00 00 00 48 8b 4b 08 48 85 c9 74 0d e8 37 cd
0x00007ffbc67c6bd7:   ff ff 48 c7 43 08 00 00 00 00 ba 18 00 00 00 48
0x00007ffbc67c6be7:   8b cb e8 22 cd ff ff 48 c7 05 bf 30 01 00 00 00
0x00007ffbc67c6bf7:   00 00 48 83 c4 20 5b c3 cc 40 53 48 83 ec 20 48 


Stack slot to memory mapping:
stack at sp + 0 slots: 0x0 is NULL
stack at sp + 1 slots: 0x0000021b0962e220 points into unknown readable memory: 0xf7602b625b081392 | 92 13 08 5b 62 2b 60 f7
stack at sp + 2 slots: 0x00007ffb7de4dee0 jvm.dll
stack at sp + 3 slots: 0x00007ffbc67c43d4 glass.dll
stack at sp + 4 slots: 0x0000021b0962e228 points into unknown readable memory: 0x00002b61a4d62073 | 73 20 d6 a4 61 2b 00 00
stack at sp + 5 slots: 0x00007ffbf3a442d6 ucrtbase.dll
stack at sp + 6 slots: 0x00002b61a4d62073 is an unknown value
stack at sp + 7 slots: 0x0000021b00000000 is an unknown value

VM_Operation (0x000000a1641ff180): Exit, mode: safepoint, requested by thread 0x0000021b0a7cc9e0


---------------  P R O C E S S  ---------------

Threads class SMR info:
_java_thread_list=0x0000021b0920b450, length=20, elements={
0x0000021aa565e9b0, 0x0000021ac380daa0, 0x0000021ac3810480, 0x0000021ac382aa40,
0x0000021ac382b310, 0x0000021ac382dbf0, 0x0000021ac382ecb0, 0x0000021ac382f670,
0x0000021ac382ff80, 0x0000021ac3a06390, 0x0000021b0935d4b0, 0x0000021b09809060,
0x0000021b0a229910, 0x0000021b099a0a30, 0x0000021b0a112230, 0x0000021b0a13a7c0,
0x0000021b0a49acf0, 0x0000021b0a7cab80, 0x0000021b0a7cd400, 0x0000021b0a7cc9e0
}

Java Threads: ( => current thread )
  0x0000021aa565e9b0 JavaThread "main" [_thread_blocked, id=17136, stack(0x000000a164400000,0x000000a164500000)]
  0x0000021ac380daa0 JavaThread "Reference Handler" daemon [_thread_blocked, id=5848, stack(0x000000a164b00000,0x000000a164c00000)]
  0x0000021ac3810480 JavaThread "Finalizer" daemon [_thread_blocked, id=5868, stack(0x000000a164c00000,0x000000a164d00000)]
  0x0000021ac382aa40 JavaThread "Attach Listener" daemon [_thread_blocked, id=20400, stack(0x000000a164e00000,0x000000a164f00000)]
  0x0000021ac382b310 JavaThread "Service Thread" daemon [_thread_blocked, id=9688, stack(0x000000a164f00000,0x000000a165000000)]
  0x0000021ac382dbf0 JavaThread "Monitor Deflation Thread" daemon [_thread_blocked, id=21392, stack(0x000000a165000000,0x000000a165100000)]
  0x0000021ac382ecb0 JavaThread "C2 CompilerThread0" daemon [_thread_blocked, id=2384, stack(0x000000a165100000,0x000000a165200000)]
  0x0000021ac382f670 JavaThread "C1 CompilerThread0" daemon [_thread_blocked, id=19436, stack(0x000000a165200000,0x000000a165300000)]
  0x0000021ac382ff80 JavaThread "Sweeper thread" daemon [_thread_blocked, id=19908, stack(0x000000a165300000,0x000000a165400000)]
  0x0000021ac3a06390 JavaThread "Common-Cleaner" daemon [_thread_blocked, id=14988, stack(0x000000a165400000,0x000000a165500000)]
  0x0000021b0935d4b0 JavaThread "Monitor Ctrl-Break" daemon [_thread_in_native, id=19228, stack(0x000000a165700000,0x000000a165800000)]
  0x0000021b09809060 JavaThread "Notification Thread" daemon [_thread_blocked, id=5604, stack(0x000000a165800000,0x000000a165900000)]
  0x0000021b0a229910 JavaThread "QuantumRenderer-0" daemon [_thread_blocked, id=15708, stack(0x000000a165600000,0x000000a165700000)]
  0x0000021b099a0a30 JavaThread "InvokeLaterDispatcher" daemon [_thread_blocked, id=20532, stack(0x000000a165a00000,0x000000a165b00000)]
  0x0000021b0a112230 JavaThread "JavaFX Application Thread" [_thread_in_native, id=20284, stack(0x000000a165b00000,0x000000a165c00000)]
  0x0000021b0a13a7c0 JavaThread "JavaFX-Launcher" [_thread_blocked, id=484, stack(0x000000a166000000,0x000000a166100000)]
  0x0000021b0a49acf0 JavaThread "Thread-2" daemon [_thread_in_native, id=15468, stack(0x000000a165f00000,0x000000a166000000)]
  0x0000021b0a7cab80 JavaThread "Prism Font Disposer" daemon [_thread_blocked, id=4800, stack(0x000000a166900000,0x000000a166a00000)]
  0x0000021b0a7cd400 JavaThread "Cleaner-0" daemon [_thread_blocked, id=18196, stack(0x000000a166a00000,0x000000a166b00000)]
  0x0000021b0a7cc9e0 JavaThread "SIGINT handler" daemon [_thread_blocked, id=11040, stack(0x000000a164100000,0x000000a164200000)]

Other Threads:
=>0x0000021ac380a0e0 VMThread "VM Thread" [stack: 0x000000a164a00000,0x000000a164b00000] [id=18860]
  0x0000021aa56b5d50 GCTaskThread "GC Thread#0" [stack: 0x000000a164500000,0x000000a164600000] [id=20096]
  0x0000021b0a3cd7d0 GCTaskThread "GC Thread#1" [stack: 0x000000a166100000,0x000000a166200000] [id=16708]
  0x0000021b0a130e90 GCTaskThread "GC Thread#2" [stack: 0x000000a166200000,0x000000a166300000] [id=11368]
  0x0000021b0a4d31b0 GCTaskThread "GC Thread#3" [stack: 0x000000a166300000,0x000000a166400000] [id=19820]
  0x0000021b0a4a6220 GCTaskThread "GC Thread#4" [stack: 0x000000a166400000,0x000000a166500000] [id=21600]
  0x0000021b0a246c80 GCTaskThread "GC Thread#5" [stack: 0x000000a166500000,0x000000a166600000] [id=1604]
  0x0000021b0a5e1580 GCTaskThread "GC Thread#6" [stack: 0x000000a165500000,0x000000a165600000] [id=20640]
  0x0000021b0a379230 GCTaskThread "GC Thread#7" [stack: 0x000000a166b00000,0x000000a166c00000] [id=12548]
  0x0000021aa56c7180 ConcurrentGCThread "G1 Main Marker" terminated
  0x0000021aa56c7ab0 ConcurrentGCThread "G1 Conc#0" [stack: 0x000000a164700000,0x000000a164800000] [id=7824]
  0x0000021ac36b7ce0 ConcurrentGCThread "G1 Refine#0" terminated
  0x0000021ac36b8620 ConcurrentGCThread "G1 Service" terminated

Threads with active compile tasks:
C1 CompilerThread0  
[error occurred during error reporting (printing all threads), id 0xc0000005, EXCEPTION_ACCESS_VIOLATION (0xc0000005) at pc=0x00007ffb7da829d3]

VM state: at safepoint (shutting down)

VM Mutex/Monitor currently owned by a thread:  ([mutex/lock_event])
[0x0000021aa5659800] Threads_lock - owner thread: 0x0000021ac380a0e0
[0x0000021aa5657be0] Heap_lock - owner thread: 0x0000021b0a7cc9e0

Heap address: 0x0000000085200000, size: 1966 MB, Compressed Oops mode: 32-bit

CDS archive(s) mapped at: [0x0000021ac4000000-0x0000021ac4bb0000-0x0000021ac4bb0000), size 12255232, SharedBaseAddress: 0x0000021ac4000000, ArchiveRelocationMode: 1.
Compressed class space mapped at: 0x0000021ac5000000-0x0000021b05000000, reserved size: 1073741824
Narrow klass base: 0x0000021ac4000000, Narrow klass shift: 0, Narrow klass range: 0x100000000

GC Precious Log:
 CPUs: 8 total, 8 available
 Memory: 7860M
 Large Page Support: Disabled
 NUMA Support: Disabled
 Compressed Oops: Enabled (32-bit)
 Heap Region Size: 1M
 Heap Min Capacity: 8M
 Heap Initial Capacity: 124M
 Heap Max Capacity: 1966M
 Pre-touch: Disabled
 Parallel Workers: 8
 Concurrent Workers: 2
 Concurrent Refinement Workers: 8
 Periodic GC: Disabled

Heap:
 garbage-first heap   total 126976K, used 19228K [0x0000000085200000, 0x0000000100000000)
  region size 1024K, 15 young (15360K), 5 survivors (5120K)
 Metaspace       used 15985K, committed 16192K, reserved 1114112K
  class space    used 2346K, committed 2432K, reserved 1048576K

Heap Regions: E=young(eden), S=young(survivor), O=old, HS=humongous(starts), HC=humongous(continues), CS=collection set, F=free, OA=open archive, CA=closed archive, TAMS=top-at-mark-start (previous, next)
|   0|0x0000000085200000, 0x0000000085300000, 0x0000000085300000|100%| O|  |TAMS 0x0000000085200000, 0x0000000085200000| Untracked 
|   1|0x0000000085300000, 0x0000000085400000, 0x0000000085400000|100%|HS|  |TAMS 0x0000000085300000, 0x0000000085300000| Complete 
|   2|0x0000000085400000, 0x0000000085500000, 0x0000000085500000|100%|HC|  |TAMS 0x0000000085400000, 0x0000000085400000| Complete 
|   3|0x0000000085500000, 0x0000000085600000, 0x0000000085600000|100%| O|  |TAMS 0x0000000085500000, 0x0000000085500000| Untracked 
|   4|0x0000000085600000, 0x0000000085700000, 0x0000000085700000|100%| O|  |TAMS 0x0000000085600000, 0x0000000085600000| Untracked 
|   5|0x0000000085700000, 0x0000000085733a00, 0x0000000085800000| 20%| O|  |TAMS 0x0000000085700000, 0x0000000085700000| Untracked 
|   6|0x0000000085800000, 0x0000000085800000, 0x0000000085900000|  0%| F|  |TAMS 0x0000000085800000, 0x0000000085800000| Untracked 
|   7|0x0000000085900000, 0x0000000085900000, 0x0000000085a00000|  0%| F|  |TAMS 0x0000000085900000, 0x0000000085900000| Untracked 
|   8|0x0000000085a00000, 0x0000000085a00000, 0x0000000085b00000|  0%| F|  |TAMS 0x0000000085a00000, 0x0000000085a00000| Untracked 
|   9|0x0000000085b00000, 0x0000000085b00000, 0x0000000085c00000|  0%| F|  |TAMS 0x0000000085b00000, 0x0000000085b00000| Untracked 
|  10|0x0000000085c00000, 0x0000000085c00000, 0x0000000085d00000|  0%| F|  |TAMS 0x0000000085c00000, 0x0000000085c00000| Untracked 
|  11|0x0000000085d00000, 0x0000000085d00000, 0x0000000085e00000|  0%| F|  |TAMS 0x0000000085d00000, 0x0000000085d00000| Untracked 
|  12|0x0000000085e00000, 0x0000000085e00000, 0x0000000085f00000|  0%| F|  |TAMS 0x0000000085e00000, 0x0000000085e00000| Untracked 
|  13|0x0000000085f00000, 0x0000000085f00000, 0x0000000086000000|  0%| F|  |TAMS 0x0000000085f00000, 0x0000000085f00000| Untracked 
|  14|0x0000000086000000, 0x0000000086000000, 0x0000000086100000|  0%| F|  |TAMS 0x0000000086000000, 0x0000000086000000| Untracked 
|  15|0x0000000086100000, 0x0000000086100000, 0x0000000086200000|  0%| F|  |TAMS 0x0000000086100000, 0x0000000086100000| Untracked 
|  16|0x0000000086200000, 0x0000000086200000, 0x0000000086300000|  0%| F|  |TAMS 0x0000000086200000, 0x0000000086200000| Untracked 
|  17|0x0000000086300000, 0x0000000086300000, 0x0000000086400000|  0%| F|  |TAMS 0x0000000086300000, 0x0000000086300000| Untracked 
|  18|0x0000000086400000, 0x0000000086400000, 0x0000000086500000|  0%| F|  |TAMS 0x0000000086400000, 0x0000000086400000| Untracked 
|  19|0x0000000086500000, 0x0000000086500000, 0x0000000086600000|  0%| F|  |TAMS 0x0000000086500000, 0x0000000086500000| Untracked 
|  20|0x0000000086600000, 0x0000000086600000, 0x0000000086700000|  0%| F|  |TAMS 0x0000000086600000, 0x0000000086600000| Untracked 
|  21|0x0000000086700000, 0x0000000086700000, 0x0000000086800000|  0%| F|  |TAMS 0x0000000086700000, 0x0000000086700000| Untracked 
|  22|0x0000000086800000, 0x0000000086800000, 0x0000000086900000|  0%| F|  |TAMS 0x0000000086800000, 0x0000000086800000| Untracked 
|  23|0x0000000086900000, 0x0000000086900000, 0x0000000086a00000|  0%| F|  |TAMS 0x0000000086900000, 0x0000000086900000| Untracked 
|  24|0x0000000086a00000, 0x0000000086a00000, 0x0000000086b00000|  0%| F|  |TAMS 0x0000000086a00000, 0x0000000086a00000| Untracked 
|  25|0x0000000086b00000, 0x0000000086b00000, 0x0000000086c00000|  0%| F|  |TAMS 0x0000000086b00000, 0x0000000086b00000| Untracked 
|  26|0x0000000086c00000, 0x0000000086c00000, 0x0000000086d00000|  0%| F|  |TAMS 0x0000000086c00000, 0x0000000086c00000| Untracked 
|  27|0x0000000086d00000, 0x0000000086d00000, 0x0000000086e00000|  0%| F|  |TAMS 0x0000000086d00000, 0x0000000086d00000| Untracked 
|  28|0x0000000086e00000, 0x0000000086e00000, 0x0000000086f00000|  0%| F|  |TAMS 0x0000000086e00000, 0x0000000086e00000| Untracked 
|  29|0x0000000086f00000, 0x0000000086f00000, 0x0000000087000000|  0%| F|  |TAMS 0x0000000086f00000, 0x0000000086f00000| Untracked 
|  30|0x0000000087000000, 0x0000000087000000, 0x0000000087100000|  0%| F|  |TAMS 0x0000000087000000, 0x0000000087000000| Untracked 
|  31|0x0000000087100000, 0x0000000087100000, 0x0000000087200000|  0%| F|  |TAMS 0x0000000087100000, 0x0000000087100000| Untracked 
|  32|0x0000000087200000, 0x0000000087200000, 0x0000000087300000|  0%| F|  |TAMS 0x0000000087200000, 0x0000000087200000| Untracked 
|  33|0x0000000087300000, 0x0000000087300000, 0x0000000087400000|  0%| F|  |TAMS 0x0000000087300000, 0x0000000087300000| Untracked 
|  34|0x0000000087400000, 0x0000000087400000, 0x0000000087500000|  0%| F|  |TAMS 0x0000000087400000, 0x0000000087400000| Untracked 
|  35|0x0000000087500000, 0x0000000087500000, 0x0000000087600000|  0%| F|  |TAMS 0x0000000087500000, 0x0000000087500000| Untracked 
|  36|0x0000000087600000, 0x0000000087600000, 0x0000000087700000|  0%| F|  |TAMS 0x0000000087600000, 0x0000000087600000| Untracked 
|  37|0x0000000087700000, 0x0000000087700000, 0x0000000087800000|  0%| F|  |TAMS 0x0000000087700000, 0x0000000087700000| Untracked 
|  38|0x0000000087800000, 0x0000000087800000, 0x0000000087900000|  0%| F|  |TAMS 0x0000000087800000, 0x0000000087800000| Untracked 
|  39|0x0000000087900000, 0x0000000087900000, 0x0000000087a00000|  0%| F|  |TAMS 0x0000000087900000, 0x0000000087900000| Untracked 
|  40|0x0000000087a00000, 0x0000000087a00000, 0x0000000087b00000|  0%| F|  |TAMS 0x0000000087a00000, 0x0000000087a00000| Untracked 
|  41|0x0000000087b00000, 0x0000000087b00000, 0x0000000087c00000|  0%| F|  |TAMS 0x0000000087b00000, 0x0000000087b00000| Untracked 
|  42|0x0000000087c00000, 0x0000000087c00000, 0x0000000087d00000|  0%| F|  |TAMS 0x0000000087c00000, 0x0000000087c00000| Untracked 
|  43|0x0000000087d00000, 0x0000000087d00000, 0x0000000087e00000|  0%| F|  |TAMS 0x0000000087d00000, 0x0000000087d00000| Untracked 
|  44|0x0000000087e00000, 0x0000000087e00000, 0x0000000087f00000|  0%| F|  |TAMS 0x0000000087e00000, 0x0000000087e00000| Untracked 
|  45|0x0000000087f00000, 0x0000000087f00000, 0x0000000088000000|  0%| F|  |TAMS 0x0000000087f00000, 0x0000000087f00000| Untracked 
|  46|0x0000000088000000, 0x0000000088000000, 0x0000000088100000|  0%| F|  |TAMS 0x0000000088000000, 0x0000000088000000| Untracked 
|  47|0x0000000088100000, 0x0000000088100000, 0x0000000088200000|  0%| F|  |TAMS 0x0000000088100000, 0x0000000088100000| Untracked 
|  48|0x0000000088200000, 0x0000000088200000, 0x0000000088300000|  0%| F|  |TAMS 0x0000000088200000, 0x0000000088200000| Untracked 
|  49|0x0000000088300000, 0x0000000088300000, 0x0000000088400000|  0%| F|  |TAMS 0x0000000088300000, 0x0000000088300000| Untracked 
|  50|0x0000000088400000, 0x0000000088400000, 0x0000000088500000|  0%| F|  |TAMS 0x0000000088400000, 0x0000000088400000| Untracked 
|  51|0x0000000088500000, 0x0000000088500000, 0x0000000088600000|  0%| F|  |TAMS 0x0000000088500000, 0x0000000088500000| Untracked 
|  52|0x0000000088600000, 0x0000000088600000, 0x0000000088700000|  0%| F|  |TAMS 0x0000000088600000, 0x0000000088600000| Untracked 
|  53|0x0000000088700000, 0x0000000088700000, 0x0000000088800000|  0%| F|  |TAMS 0x0000000088700000, 0x0000000088700000| Untracked 
|  54|0x0000000088800000, 0x0000000088800000, 0x0000000088900000|  0%| F|  |TAMS 0x0000000088800000, 0x0000000088800000| Untracked 
|  55|0x0000000088900000, 0x0000000088900000, 0x0000000088a00000|  0%| F|  |TAMS 0x0000000088900000, 0x0000000088900000| Untracked 
|  56|0x0000000088a00000, 0x0000000088a00000, 0x0000000088b00000|  0%| F|  |TAMS 0x0000000088a00000, 0x0000000088a00000| Untracked 
|  57|0x0000000088b00000, 0x0000000088b00000, 0x0000000088c00000|  0%| F|  |TAMS 0x0000000088b00000, 0x0000000088b00000| Untracked 
|  58|0x0000000088c00000, 0x0000000088c00000, 0x0000000088d00000|  0%| F|  |TAMS 0x0000000088c00000, 0x0000000088c00000| Untracked 
|  59|0x0000000088d00000, 0x0000000088d00000, 0x0000000088e00000|  0%| F|  |TAMS 0x0000000088d00000, 0x0000000088d00000| Untracked 
|  60|0x0000000088e00000, 0x0000000088e00000, 0x0000000088f00000|  0%| F|  |TAMS 0x0000000088e00000, 0x0000000088e00000| Untracked 
|  61|0x0000000088f00000, 0x0000000088f00000, 0x0000000089000000|  0%| F|  |TAMS 0x0000000088f00000, 0x0000000088f00000| Untracked 
|  62|0x0000000089000000, 0x0000000089000000, 0x0000000089100000|  0%| F|  |TAMS 0x0000000089000000, 0x0000000089000000| Untracked 
|  63|0x0000000089100000, 0x0000000089100000, 0x0000000089200000|  0%| F|  |TAMS 0x0000000089100000, 0x0000000089100000| Untracked 
|  64|0x0000000089200000, 0x0000000089200000, 0x0000000089300000|  0%| F|  |TAMS 0x0000000089200000, 0x0000000089200000| Untracked 
|  65|0x0000000089300000, 0x0000000089300000, 0x0000000089400000|  0%| F|  |TAMS 0x0000000089300000, 0x0000000089300000| Untracked 
|  66|0x0000000089400000, 0x0000000089400000, 0x0000000089500000|  0%| F|  |TAMS 0x0000000089400000, 0x0000000089400000| Untracked 
|  67|0x0000000089500000, 0x0000000089500000, 0x0000000089600000|  0%| F|  |TAMS 0x0000000089500000, 0x0000000089500000| Untracked 
|  68|0x0000000089600000, 0x0000000089600000, 0x0000000089700000|  0%| F|  |TAMS 0x0000000089600000, 0x0000000089600000| Untracked 
|  69|0x0000000089700000, 0x0000000089700000, 0x0000000089800000|  0%| F|  |TAMS 0x0000000089700000, 0x0000000089700000| Untracked 
|  70|0x0000000089800000, 0x0000000089800000, 0x0000000089900000|  0%| F|  |TAMS 0x0000000089800000, 0x0000000089800000| Untracked 
|  71|0x0000000089900000, 0x0000000089900000, 0x0000000089a00000|  0%| F|  |TAMS 0x0000000089900000, 0x0000000089900000| Untracked 
|  72|0x0000000089a00000, 0x0000000089a00000, 0x0000000089b00000|  0%| F|  |TAMS 0x0000000089a00000, 0x0000000089a00000| Untracked 
|  73|0x0000000089b00000, 0x0000000089b00000, 0x0000000089c00000|  0%| F|  |TAMS 0x0000000089b00000, 0x0000000089b00000| Untracked 
|  74|0x0000000089c00000, 0x0000000089c00000, 0x0000000089d00000|  0%| F|  |TAMS 0x0000000089c00000, 0x0000000089c00000| Untracked 
|  75|0x0000000089d00000, 0x0000000089d00000, 0x0000000089e00000|  0%| F|  |TAMS 0x0000000089d00000, 0x0000000089d00000| Untracked 
|  76|0x0000000089e00000, 0x0000000089e00000, 0x0000000089f00000|  0%| F|  |TAMS 0x0000000089e00000, 0x0000000089e00000| Untracked 
|  77|0x0000000089f00000, 0x0000000089f00000, 0x000000008a000000|  0%| F|  |TAMS 0x0000000089f00000, 0x0000000089f00000| Untracked 
|  78|0x000000008a000000, 0x000000008a000000, 0x000000008a100000|  0%| F|  |TAMS 0x000000008a000000, 0x000000008a000000| Untracked 
|  79|0x000000008a100000, 0x000000008a100000, 0x000000008a200000|  0%| F|  |TAMS 0x000000008a100000, 0x000000008a100000| Untracked 
|  80|0x000000008a200000, 0x000000008a200000, 0x000000008a300000|  0%| F|  |TAMS 0x000000008a200000, 0x000000008a200000| Untracked 
|  81|0x000000008a300000, 0x000000008a300000, 0x000000008a400000|  0%| F|  |TAMS 0x000000008a300000, 0x000000008a300000| Untracked 
|  82|0x000000008a400000, 0x000000008a400000, 0x000000008a500000|  0%| F|  |TAMS 0x000000008a400000, 0x000000008a400000| Untracked 
|  83|0x000000008a500000, 0x000000008a500000, 0x000000008a600000|  0%| F|  |TAMS 0x000000008a500000, 0x000000008a500000| Untracked 
|  84|0x000000008a600000, 0x000000008a693640, 0x000000008a700000| 57%| S|CS|TAMS 0x000000008a600000, 0x000000008a600000| Complete 
|  85|0x000000008a700000, 0x000000008a800000, 0x000000008a800000|100%| S|CS|TAMS 0x000000008a700000, 0x000000008a700000| Complete 
|  86|0x000000008a800000, 0x000000008a900000, 0x000000008a900000|100%| S|CS|TAMS 0x000000008a800000, 0x000000008a800000| Complete 
|  87|0x000000008a900000, 0x000000008aa00000, 0x000000008aa00000|100%| S|CS|TAMS 0x000000008a900000, 0x000000008a900000| Complete 
|  88|0x000000008aa00000, 0x000000008ab00000, 0x000000008ab00000|100%| S|CS|TAMS 0x000000008aa00000, 0x000000008aa00000| Complete 
|  89|0x000000008ab00000, 0x000000008ab00000, 0x000000008ac00000|  0%| F|  |TAMS 0x000000008ab00000, 0x000000008ab00000| Untracked 
|  90|0x000000008ac00000, 0x000000008ac00000, 0x000000008ad00000|  0%| F|  |TAMS 0x000000008ac00000, 0x000000008ac00000| Untracked 
|  91|0x000000008ad00000, 0x000000008ad00000, 0x000000008ae00000|  0%| F|  |TAMS 0x000000008ad00000, 0x000000008ad00000| Untracked 
|  92|0x000000008ae00000, 0x000000008ae00000, 0x000000008af00000|  0%| F|  |TAMS 0x000000008ae00000, 0x000000008ae00000| Untracked 
|  93|0x000000008af00000, 0x000000008af00000, 0x000000008b000000|  0%| F|  |TAMS 0x000000008af00000, 0x000000008af00000| Untracked 
|  94|0x000000008b000000, 0x000000008b000000, 0x000000008b100000|  0%| F|  |TAMS 0x000000008b000000, 0x000000008b000000| Untracked 
|  95|0x000000008b100000, 0x000000008b100000, 0x000000008b200000|  0%| F|  |TAMS 0x000000008b100000, 0x000000008b100000| Untracked 
|  96|0x000000008b200000, 0x000000008b200000, 0x000000008b300000|  0%| F|  |TAMS 0x000000008b200000, 0x000000008b200000| Untracked 
|  97|0x000000008b300000, 0x000000008b300000, 0x000000008b400000|  0%| F|  |TAMS 0x000000008b300000, 0x000000008b300000| Untracked 
|  98|0x000000008b400000, 0x000000008b400000, 0x000000008b500000|  0%| F|  |TAMS 0x000000008b400000, 0x000000008b400000| Untracked 
|  99|0x000000008b500000, 0x000000008b500000, 0x000000008b600000|  0%| F|  |TAMS 0x000000008b500000, 0x000000008b500000| Untracked 
| 100|0x000000008b600000, 0x000000008b600000, 0x000000008b700000|  0%| F|  |TAMS 0x000000008b600000, 0x000000008b600000| Untracked 
| 101|0x000000008b700000, 0x000000008b700000, 0x000000008b800000|  0%| F|  |TAMS 0x000000008b700000, 0x000000008b700000| Untracked 
| 102|0x000000008b800000, 0x000000008b800000, 0x000000008b900000|  0%| F|  |TAMS 0x000000008b800000, 0x000000008b800000| Untracked 
| 103|0x000000008b900000, 0x000000008b900000, 0x000000008ba00000|  0%| F|  |TAMS 0x000000008b900000, 0x000000008b900000| Untracked 
| 104|0x000000008ba00000, 0x000000008ba00000, 0x000000008bb00000|  0%| F|  |TAMS 0x000000008ba00000, 0x000000008ba00000| Untracked 
| 105|0x000000008bb00000, 0x000000008bb00000, 0x000000008bc00000|  0%| F|  |TAMS 0x000000008bb00000, 0x000000008bb00000| Untracked 
| 106|0x000000008bc00000, 0x000000008bc00000, 0x000000008bd00000|  0%| F|  |TAMS 0x000000008bc00000, 0x000000008bc00000| Untracked 
| 107|0x000000008bd00000, 0x000000008bd00000, 0x000000008be00000|  0%| F|  |TAMS 0x000000008bd00000, 0x000000008bd00000| Untracked 
| 108|0x000000008be00000, 0x000000008be00000, 0x000000008bf00000|  0%| F|  |TAMS 0x000000008be00000, 0x000000008be00000| Untracked 
| 109|0x000000008bf00000, 0x000000008bf00000, 0x000000008c000000|  0%| F|  |TAMS 0x000000008bf00000, 0x000000008bf00000| Untracked 
| 110|0x000000008c000000, 0x000000008c000000, 0x000000008c100000|  0%| F|  |TAMS 0x000000008c000000, 0x000000008c000000| Untracked 
| 111|0x000000008c100000, 0x000000008c100000, 0x000000008c200000|  0%| F|  |TAMS 0x000000008c100000, 0x000000008c100000| Untracked 
| 112|0x000000008c200000, 0x000000008c200000, 0x000000008c300000|  0%| F|  |TAMS 0x000000008c200000, 0x000000008c200000| Untracked 
| 113|0x000000008c300000, 0x000000008c300000, 0x000000008c400000|  0%| F|  |TAMS 0x000000008c300000, 0x000000008c300000| Untracked 
| 114|0x000000008c400000, 0x000000008c476470, 0x000000008c500000| 46%| E|  |TAMS 0x000000008c400000, 0x000000008c400000| Complete 
| 115|0x000000008c500000, 0x000000008c600000, 0x000000008c600000|100%| E|CS|TAMS 0x000000008c500000, 0x000000008c500000| Complete 
| 116|0x000000008c600000, 0x000000008c700000, 0x000000008c700000|100%| E|CS|TAMS 0x000000008c600000, 0x000000008c600000| Complete 
| 117|0x000000008c700000, 0x000000008c800000, 0x000000008c800000|100%| E|CS|TAMS 0x000000008c700000, 0x000000008c700000| Complete 
| 118|0x000000008c800000, 0x000000008c900000, 0x000000008c900000|100%| E|CS|TAMS 0x000000008c800000, 0x000000008c800000| Complete 
| 119|0x000000008c900000, 0x000000008ca00000, 0x000000008ca00000|100%| E|CS|TAMS 0x000000008c900000, 0x000000008c900000| Complete 
| 120|0x000000008ca00000, 0x000000008cb00000, 0x000000008cb00000|100%| E|CS|TAMS 0x000000008ca00000, 0x000000008ca00000| Complete 
| 121|0x000000008cb00000, 0x000000008cc00000, 0x000000008cc00000|100%| E|CS|TAMS 0x000000008cb00000, 0x000000008cb00000| Complete 
| 122|0x000000008cc00000, 0x000000008cd00000, 0x000000008cd00000|100%| E|CS|TAMS 0x000000008cc00000, 0x000000008cc00000| Complete 
| 123|0x000000008cd00000, 0x000000008ce00000, 0x000000008ce00000|100%| E|CS|TAMS 0x000000008cd00000, 0x000000008cd00000| Complete 

Card table byte_map: [0x0000021abc890000,0x0000021abcc70000] _byte_map_base: 0x0000021abc467000

Marking Bits (Prev, Next): (CMBitMap*) 0x0000021aa56b7290, (CMBitMap*) 0x0000021aa56b72d0
 Prev Bits: [0x0000021abd050000, 0x0000021abef08000)
 Next Bits: [0x0000021abef10000, 0x0000021ac0dc8000)

Polling page: 0x0000021aa3510000

Metaspace:

Usage:
  Non-class:     13.32 MB used.
      Class:      2.29 MB used.
       Both:     15.61 MB used.

Virtual space:
  Non-class space:       64.00 MB reserved,      13.44 MB ( 21%) committed,  1 nodes.
      Class space:        1.00 GB reserved,       2.38 MB ( <1%) committed,  1 nodes.
             Both:        1.06 GB reserved,      15.81 MB (  1%) committed. 

Chunk freelists:
   Non-Class:  2.31 MB
       Class:  13.56 MB
        Both:  15.88 MB

MaxMetaspaceSize: unlimited
CompressedClassSpaceSize: 1.00 GB
Initial GC threshold: 21.00 MB
Current GC threshold: 21.00 MB
CDS: on
MetaspaceReclaimPolicy: balanced
 - commit_granule_bytes: 65536.
 - commit_granule_words: 8192.
 - virtual_space_node_default_size: 8388608.
 - enlarge_chunks_in_place: 1.
 - new_chunks_are_fully_committed: 0.
 - uncommit_free_chunks: 1.
 - use_allocation_guard: 0.
 - handle_deallocations: 1.


Internal statistics:

num_allocs_failed_limit: 0.
num_arena_births: 212.
num_arena_deaths: 0.
num_vsnodes_births: 2.
num_vsnodes_deaths: 0.
num_space_committed: 253.
num_space_uncommitted: 0.
num_chunks_returned_to_freelist: 0.
num_chunks_taken_from_freelist: 716.
num_chunk_merges: 0.
num_chunk_splits: 496.
num_chunks_enlarged: 396.
num_inconsistent_stats: 0.

CodeHeap 'non-profiled nmethods': size=120000Kb used=1096Kb max_used=1096Kb free=118903Kb
 bounds [0x0000021ab4c50000, 0x0000021ab4ec0000, 0x0000021abc180000]
CodeHeap 'profiled nmethods': size=120000Kb used=4804Kb max_used=4804Kb free=115195Kb
 bounds [0x0000021aad180000, 0x0000021aad640000, 0x0000021ab46b0000]
CodeHeap 'non-nmethods': size=5760Kb used=1435Kb max_used=1487Kb free=4324Kb
 bounds [0x0000021ab46b0000, 0x0000021ab4920000, 0x0000021ab4c50000]
 total_blobs=3353 nmethods=2566 adapters=698
 compilation: enabled
              stopped_count=0, restarted_count=0
 full_count=0

Compilation events (20 events):
Event: 27.365 Thread 0x0000021ac382f670 2560       3       javafx.scene.layout.Region::snappedTopInset (21 bytes)
Event: 27.365 Thread 0x0000021ac382ecb0 nmethod 2559 0x0000021ab4d61690 code [0x0000021ab4d61800, 0x0000021ab4d618b8]
Event: 27.365 Thread 0x0000021ac382f670 nmethod 2560 0x0000021aad62bc10 code [0x0000021aad62be60, 0x0000021aad62c718]
Event: 27.365 Thread 0x0000021ac382f670 2561       3       javafx.scene.layout.Region::snappedRightInset (21 bytes)
Event: 27.365 Thread 0x0000021ac382f670 nmethod 2561 0x0000021aad62ca10 code [0x0000021aad62cc60, 0x0000021aad62d518]
Event: 27.365 Thread 0x0000021ac382f670 2562       3       javafx.scene.layout.Region::snappedBottomInset (21 bytes)
Event: 27.366 Thread 0x0000021ac382f670 nmethod 2562 0x0000021aad62d810 code [0x0000021aad62da60, 0x0000021aad62e318]
Event: 27.366 Thread 0x0000021ac382f670 2563       3       javafx.scene.layout.Region::snappedLeftInset (21 bytes)
Event: 27.366 Thread 0x0000021ac382f670 nmethod 2563 0x0000021aad62e610 code [0x0000021aad62e860, 0x0000021aad62f118]
Event: 27.366 Thread 0x0000021ac382f670 2564       3       javafx.scene.layout.Region::snapSpaceY (10 bytes)
Event: 27.366 Thread 0x0000021ac382f670 nmethod 2564 0x0000021aad62f410 code [0x0000021aad62f660, 0x0000021aad62fff8]
Event: 27.368 Thread 0x0000021ac382f670 2565       3       javafx.scene.Node::getViewOrder (19 bytes)
Event: 27.368 Thread 0x0000021ac382f670 nmethod 2565 0x0000021aad630310 code [0x0000021aad630520, 0x0000021aad6309c8]
Event: 28.059 Thread 0x0000021ac382f670 2566       3       com.sun.javafx.collections.VetoableListDecorator$VetoableIteratorDecorator::checkForComodification (25 bytes)
Event: 28.060 Thread 0x0000021ac382f670 nmethod 2566 0x0000021aad630b10 code [0x0000021aad630cc0, 0x0000021aad630fa8]
Event: 86.239 Thread 0x0000021ac382ecb0 2567       4       com.sun.javafx.tk.quantum.QuantumToolkit::postPulse (133 bytes)
Event: 86.241 Thread 0x0000021ac382ecb0 nmethod 2567 0x0000021ab4d61990 code [0x0000021ab4d61b20, 0x0000021ab4d61c98]
Event: 86.463 Thread 0x0000021ac382ecb0 2568       4       com.sun.javafx.tk.quantum.QuantumToolkit$$Lambda$83/0x0000021ac5038220::run (8 bytes)
Event: 86.464 Thread 0x0000021ac382ecb0 nmethod 2568 0x0000021ab4d61e90 code [0x0000021ab4d62020, 0x0000021ab4d62198]
Event: 91.111 Thread 0x0000021ac382f670 2569   !   3       java.lang.invoke.MethodHandles$Lookup::revealDirect (196 bytes)

GC Heap History (4 events):
Event: 0.521 GC heap before
{Heap before GC invocations=0 (full 0):
 garbage-first heap   total 126976K, used 22528K [0x0000000085200000, 0x0000000100000000)
  region size 1024K, 23 young (23552K), 0 survivors (0K)
 Metaspace       used 6663K, committed 6784K, reserved 1114112K
  class space    used 827K, committed 896K, reserved 1048576K
}
Event: 0.524 GC heap after
{Heap after GC invocations=1 (full 0):
 garbage-first heap   total 126976K, used 3323K [0x0000000085200000, 0x0000000100000000)
  region size 1024K, 3 young (3072K), 3 survivors (3072K)
 Metaspace       used 6663K, committed 6784K, reserved 1114112K
  class space    used 827K, committed 896K, reserved 1048576K
}
Event: 2.499 GC heap before
{Heap before GC invocations=1 (full 0):
 garbage-first heap   total 126976K, used 38139K [0x0000000085200000, 0x0000000100000000)
  region size 1024K, 35 young (35840K), 3 survivors (3072K)
 Metaspace       used 14578K, committed 14784K, reserved 1114112K
  class space    used 2063K, committed 2176K, reserved 1048576K
}
Event: 2.504 GC heap after
{Heap after GC invocations=2 (full 0):
 garbage-first heap   total 126976K, used 10012K [0x0000000085200000, 0x0000000100000000)
  region size 1024K, 5 young (5120K), 5 survivors (5120K)
 Metaspace       used 14578K, committed 14784K, reserved 1114112K
  class space    used 2063K, committed 2176K, reserved 1048576K
}

Dll operation events (20 events):
Event: 0.294 Loaded shared library C:\Users\baile\.openjfx\cache\17.0.6\api-ms-win-crt-locale-l1-1-0.dll
Event: 0.297 Loaded shared library C:\Users\baile\.openjfx\cache\17.0.6\api-ms-win-crt-math-l1-1-0.dll
Event: 0.299 Loaded shared library C:\Users\baile\.openjfx\cache\17.0.6\api-ms-win-crt-multibyte-l1-1-0.dll
Event: 0.302 Loaded shared library C:\Users\baile\.openjfx\cache\17.0.6\api-ms-win-crt-private-l1-1-0.dll
Event: 0.305 Loaded shared library C:\Users\baile\.openjfx\cache\17.0.6\api-ms-win-crt-process-l1-1-0.dll
Event: 0.307 Loaded shared library C:\Users\baile\.openjfx\cache\17.0.6\api-ms-win-crt-runtime-l1-1-0.dll
Event: 0.310 Loaded shared library C:\Users\baile\.openjfx\cache\17.0.6\api-ms-win-crt-stdio-l1-1-0.dll
Event: 0.313 Loaded shared library C:\Users\baile\.openjfx\cache\17.0.6\api-ms-win-crt-string-l1-1-0.dll
Event: 0.315 Loaded shared library C:\Users\baile\.openjfx\cache\17.0.6\api-ms-win-crt-time-l1-1-0.dll
Event: 0.318 Loaded shared library C:\Users\baile\.openjfx\cache\17.0.6\api-ms-win-crt-utility-l1-1-0.dll
Event: 0.330 Loaded shared library C:\Users\baile\.openjfx\cache\17.0.6\ucrtbase.dll
Event: 0.332 Loaded shared library C:\Users\baile\.openjfx\cache\17.0.6\vcruntime140.dll
Event: 0.335 Loaded shared library C:\Users\baile\.openjfx\cache\17.0.6\vcruntime140_1.dll
Event: 0.341 Loaded shared library C:\Users\baile\.openjfx\cache\17.0.6\msvcp140.dll
Event: 0.343 Loaded shared library C:\Users\baile\.openjfx\cache\17.0.6\msvcp140_1.dll
Event: 0.346 Loaded shared library C:\Users\baile\.openjfx\cache\17.0.6\msvcp140_2.dll
Event: 0.371 Loaded shared library C:\Users\baile\.openjfx\cache\17.0.6\prism_d3d.dll
Event: 0.398 Loaded shared library C:\Users\baile\.openjfx\cache\17.0.6\glass.dll
Event: 0.478 Loaded shared library C:\Program Files\Amazon Corretto\jdk17.0.10_7\bin\jimage.dll
Event: 0.571 Loaded shared library C:\Users\baile\.openjfx\cache\17.0.6\javafx_font.dll

Deoptimization events (20 events):
Event: 1.671 Thread 0x0000021b0a112230 DEOPT PACKING pc=0x0000021ab4cf4534 sp=0x000000a165bf6780
Event: 1.671 Thread 0x0000021b0a112230 DEOPT UNPACKING pc=0x0000021ab470a1a3 sp=0x000000a165bf6708 mode 2
Event: 1.789 Thread 0x0000021b0a229910 Uncommon trap: trap_request=0xffffff45 fr.pc=0x0000021ab4cef118 relative=0x0000000000000758
Event: 1.789 Thread 0x0000021b0a229910 Uncommon trap: reason=unstable_if action=reinterpret pc=0x0000021ab4cef118 method=com.sun.marlin.MaskMarlinAlphaConsumer.setAndClearRelativeAlphas([I[IIII)V @ 414 c2
Event: 1.789 Thread 0x0000021b0a229910 DEOPT PACKING pc=0x0000021ab4cef118 sp=0x000000a1656fd6a0
Event: 1.789 Thread 0x0000021b0a229910 DEOPT UNPACKING pc=0x0000021ab470a1a3 sp=0x000000a1656fd5a8 mode 2
Event: 1.795 Thread 0x0000021b0a229910 DEOPT PACKING pc=0x0000021aad4aaf9a sp=0x000000a1656fd640
Event: 1.795 Thread 0x0000021b0a229910 DEOPT UNPACKING pc=0x0000021ab470ace3 sp=0x000000a1656fca98 mode 0
Event: 1.795 Thread 0x0000021b0a229910 DEOPT PACKING pc=0x0000021aad4aaf9a sp=0x000000a1656fd640
Event: 1.795 Thread 0x0000021b0a229910 DEOPT UNPACKING pc=0x0000021ab470ace3 sp=0x000000a1656fca98 mode 0
Event: 2.308 Thread 0x0000021b0a229910 DEOPT PACKING pc=0x0000021aad4acf77 sp=0x000000a1656fdc80
Event: 2.308 Thread 0x0000021b0a229910 DEOPT UNPACKING pc=0x0000021ab470ace3 sp=0x000000a1656fd0a0 mode 0
Event: 2.418 Thread 0x0000021b0a229910 DEOPT PACKING pc=0x0000021aad4f2dfc sp=0x000000a1656fd840
Event: 2.418 Thread 0x0000021b0a229910 DEOPT UNPACKING pc=0x0000021ab470ace3 sp=0x000000a1656fcc78 mode 0
Event: 2.419 Thread 0x0000021b0a229910 DEOPT PACKING pc=0x0000021aad4b18c2 sp=0x000000a1656fdc40
Event: 2.419 Thread 0x0000021b0a229910 DEOPT UNPACKING pc=0x0000021ab470ace3 sp=0x000000a1656fd0d0 mode 0
Event: 2.518 Thread 0x0000021b0a112230 Uncommon trap: trap_request=0xffffff45 fr.pc=0x0000021ab4d00e90 relative=0x0000000000000bb0
Event: 2.518 Thread 0x0000021b0a112230 Uncommon trap: reason=unstable_if action=reinterpret pc=0x0000021ab4d00e90 method=java.util.WeakHashMap.expungeStaleEntries()V @ 66 c2
Event: 2.518 Thread 0x0000021b0a112230 DEOPT PACKING pc=0x0000021ab4d00e90 sp=0x000000a165bfaf50
Event: 2.518 Thread 0x0000021b0a112230 DEOPT UNPACKING pc=0x0000021ab470a1a3 sp=0x000000a165bfaed0 mode 2

Classes unloaded (0 events):
No events

Classes redefined (0 events):
No events

Internal exceptions (20 events):
Event: 0.645 Thread 0x0000021b0a112230 Implicit null exception at 0x0000021ab4c6d3d8 to 0x0000021ab4c6d46e
Event: 0.655 Thread 0x0000021b0a112230 Implicit null exception at 0x0000021ab4cab28d to 0x0000021ab4cab68c
Event: 0.717 Thread 0x0000021b0a112230 Implicit null exception at 0x0000021ab4ca840a to 0x0000021ab4ca8810
Event: 0.718 Thread 0x0000021b0a112230 Implicit null exception at 0x0000021ab4c6cd8f to 0x0000021ab4c6ce09
Event: 0.746 Thread 0x0000021b0a112230 Exception <a 'java/lang/NoSuchMethodError'{0x000000008bda6470}: 'java.lang.Object java.lang.invoke.DirectMethodHandle$Holder.invokeInterface(java.lang.Object, java.lang.Object, java.lang.Object)'> (0x000000008bda6470) 
thrown [s\src\hotspot\share\interpreter\linkResolver.cpp, line 759]
Event: 0.746 Thread 0x0000021b0a112230 Exception <a 'java/lang/IncompatibleClassChangeError'{0x000000008bda9df8}: Found class java.lang.Object, but interface was expected> (0x000000008bda9df8) 
thrown [s\src\hotspot\share\interpreter\linkResolver.cpp, line 826]
Event: 0.786 Thread 0x0000021b0a112230 Exception <a 'java/lang/NoSuchMethodError'{0x000000008bb7ff08}: 'java.lang.Object java.lang.invoke.DirectMethodHandle$Holder.newInvokeSpecial(java.lang.Object, java.lang.Object, int)'> (0x000000008bb7ff08) 
thrown [s\src\hotspot\share\interpreter\linkResolver.cpp, line 759]
Event: 0.811 Thread 0x0000021b0a229910 Exception <a 'java/lang/NoSuchMethodError'{0x000000008ba1aca8}: 'int java.lang.invoke.DirectMethodHandle$Holder.invokeStaticInit(java.lang.Object, java.lang.Object)'> (0x000000008ba1aca8) 
thrown [s\src\hotspot\share\interpreter\linkResolver.cpp, line 759]
Event: 1.097 Thread 0x0000021ac382aa40 Exception <a 'sun/nio/fs/WindowsException'{0x000000008b378c48}> (0x000000008b378c48) 
thrown [s\src\hotspot\share\prims\jni.cpp, line 516]
Event: 1.632 Thread 0x0000021b0a112230 Exception <a 'java/lang/NoSuchMethodError'{0x000000008b28f058}: 'long java.lang.invoke.DirectMethodHandle$Holder.invokeStatic(java.lang.Object, java.lang.Object, java.lang.Object)'> (0x000000008b28f058) 
thrown [s\src\hotspot\share\interpreter\linkResolver.cpp, line 759]
Event: 1.632 Thread 0x0000021b0a112230 Exception <a 'java/lang/NoSuchMethodError'{0x000000008b292800}: 'long java.lang.invoke.DirectMethodHandle$Holder.invokeStaticInit(java.lang.Object, java.lang.Object, java.lang.Object)'> (0x000000008b292800) 
thrown [s\src\hotspot\share\interpreter\linkResolver.cpp, line 759]
Event: 1.634 Thread 0x0000021b0a112230 Exception <a 'java/lang/NoSuchMethodError'{0x000000008b2aa408}: 'java.lang.Object java.lang.invoke.DirectMethodHandle$Holder.newInvokeSpecial(java.lang.Object, java.lang.Object, long)'> (0x000000008b2aa408) 
thrown [s\src\hotspot\share\interpreter\linkResolver.cpp, line 759]
Event: 1.634 Thread 0x0000021b0a112230 Exception <a 'java/lang/NoSuchMethodError'{0x000000008b2adf78}: 'java.lang.Object java.lang.invoke.Invokers$Holder.linkToTargetMethod(java.lang.Object, long, java.lang.Object)'> (0x000000008b2adf78) 
thrown [s\src\hotspot\share\interpreter\linkResolver.cpp, line 759]
Event: 1.682 Thread 0x0000021b0a112230 Exception <a 'java/io/FileNotFoundException'{0x000000008b00d3e0}> (0x000000008b00d3e0) 
thrown [s\src\hotspot\share\prims\jni.cpp, line 516]
Event: 1.797 Thread 0x0000021b0a229910 Exception <a 'java/lang/NoSuchMethodError'{0x000000008b2fbd48}: 'java.lang.Object java.lang.invoke.DirectMethodHandle$Holder.invokeStaticInit(java.lang.Object, int)'> (0x000000008b2fbd48) 
thrown [s\src\hotspot\share\interpreter\linkResolver.cpp, line 759]
Event: 2.494 Thread 0x0000021b0a112230 Exception <a 'java/lang/NoSuchMethodError'{0x000000008abd1f00}: 'java.lang.Object java.lang.invoke.DirectMethodHandle$Holder.invokeSpecial(java.lang.Object, java.lang.Object, double, double)'> (0x000000008abd1f00) 
thrown [s\src\hotspot\share\interpreter\linkResolver.cpp, line 759]
Event: 2.527 Thread 0x0000021b0a112230 Exception <a 'java/lang/ClassNotFoundException'{0x000000008ccb9518}: com/sun/javafx/scene/control/skin/resources/controls> (0x000000008ccb9518) 
thrown [s\src\hotspot\share\prims\jni.cpp, line 535]
Event: 2.527 Thread 0x0000021b0a112230 Exception <a 'java/lang/ClassNotFoundException'{0x000000008ccc7778}: com/sun/javafx/scene/control/skin/resources/controls_en> (0x000000008ccc7778) 
thrown [s\src\hotspot\share\prims\jni.cpp, line 535]
Event: 2.527 Thread 0x0000021b0a112230 Exception <a 'java/lang/ClassNotFoundException'{0x000000008ccc89d0}: com/sun/javafx/scene/control/skin/resources/controls_en_AU> (0x000000008ccc89d0) 
thrown [s\src\hotspot\share\prims\jni.cpp, line 535]
Event: 2.542 Thread 0x0000021b0a112230 Exception <a 'java/lang/NoSuchMethodError'{0x000000008cbde5c8}: 'void java.lang.invoke.DirectMethodHandle$Holder.invokeSpecial(java.lang.Object, java.lang.Object, java.lang.Object, java.lang.Object, java.lang.Object, java.lang.Object)'> (0x000000008cbde5c8) 
thrown [s\src\hotspot\share\interpreter\linkResolver.cpp, line 759]

VM Operations (20 events):
Event: 3.505 Executing VM operation: Cleanup done
Event: 4.506 Executing VM operation: Cleanup
Event: 4.506 Executing VM operation: Cleanup done
Event: 6.506 Executing VM operation: Cleanup
Event: 6.506 Executing VM operation: Cleanup done
Event: 10.508 Executing VM operation: Cleanup
Event: 10.508 Executing VM operation: Cleanup done
Event: 23.515 Executing VM operation: Cleanup
Event: 23.515 Executing VM operation: Cleanup done
Event: 24.516 Executing VM operation: Cleanup
Event: 24.516 Executing VM operation: Cleanup done
Event: 25.516 Executing VM operation: Cleanup
Event: 25.516 Executing VM operation: Cleanup done
Event: 26.516 Executing VM operation: Cleanup
Event: 26.516 Executing VM operation: Cleanup done
Event: 27.517 Executing VM operation: Cleanup
Event: 27.517 Executing VM operation: Cleanup done
Event: 60.168 Executing VM operation: HandshakeAllThreads
Event: 60.168 Executing VM operation: HandshakeAllThreads done
Event: 91.111 Executing VM operation: Exit

Events (20 events):
Event: 27.355 loading class java/lang/HBox
Event: 27.355 loading class java/lang/HBox done
Event: 27.355 loading class java/util/HBox
Event: 27.355 loading class java/util/HBox done
Event: 27.355 loading class java/lang/Button
Event: 27.355 loading class java/lang/Button done
Event: 27.355 loading class java/util/Button
Event: 27.355 loading class java/util/Button done
Event: 27.355 loading class java/lang/TextField
Event: 27.355 loading class java/lang/TextField done
Event: 27.355 loading class java/util/TextField
Event: 27.355 loading class java/util/TextField done
Event: 91.109 loading class jdk/internal/misc/Signal$1
Event: 91.109 loading class jdk/internal/misc/Signal$1 done
Event: 91.110 Thread 0x0000021b0a7cc9e0 Thread added: 0x0000021b0a7cc9e0
Event: 91.110 Thread 0x0000021b0a7ccef0 Thread added: 0x0000021b0a7ccef0
Event: 91.110 Thread 0x0000021b0a7cde20 Thread added: 0x0000021b0a7cde20
Event: 91.110 Thread 0x0000021b0a7ccef0 Thread exited: 0x0000021b0a7ccef0
Event: 91.111 Thread 0x0000021b0a7cde20 Thread exited: 0x0000021b0a7cde20
Event: 91.111 Thread 0x0000021ac382a170 Thread exited: 0x0000021ac382a170


Dynamic libraries:
0x00007ff7cb240000 - 0x00007ff7cb24e000 	C:\Program Files\Amazon Corretto\jdk17.0.10_7\bin\java.exe
0x00007ffbf6050000 - 0x00007ffbf6248000 	C:\Windows\SYSTEM32\ntdll.dll
0x00007ffbf5090000 - 0x00007ffbf514d000 	C:\Windows\System32\KERNEL32.DLL
0x00007ffbf3730000 - 0x00007ffbf3a26000 	C:\Windows\System32\KERNELBASE.dll
0x00007ffbf3a30000 - 0x00007ffbf3b30000 	C:\Windows\System32\ucrtbase.dll
0x00007ffbcb6e0000 - 0x00007ffbcb6f7000 	C:\Program Files\Amazon Corretto\jdk17.0.10_7\bin\jli.dll
0x00007ffbe3590000 - 0x00007ffbe35ab000 	C:\Program Files\Amazon Corretto\jdk17.0.10_7\bin\VCRUNTIME140.dll
0x00007ffbf56a0000 - 0x00007ffbf583f000 	C:\Windows\System32\USER32.dll
0x00007ffbf3be0000 - 0x00007ffbf3c02000 	C:\Windows\System32\win32u.dll
0x00007ffbe2400000 - 0x00007ffbe269a000 	C:\Windows\WinSxS\amd64_microsoft.windows.common-controls_6595b64144ccf1df_6.0.19041.3636_none_60b6a03d71f818d5\COMCTL32.dll
0x00007ffbf4df0000 - 0x00007ffbf4e1b000 	C:\Windows\System32\GDI32.dll
0x00007ffbf46b0000 - 0x00007ffbf474e000 	C:\Windows\System32\msvcrt.dll
0x00007ffbf3c10000 - 0x00007ffbf3d27000 	C:\Windows\System32\gdi32full.dll
0x00007ffbf3fe0000 - 0x00007ffbf407d000 	C:\Windows\System32\msvcp_win.dll
0x00007ffbf4900000 - 0x00007ffbf4932000 	C:\Windows\System32\IMM32.DLL
0x00007ffbecd00000 - 0x00007ffbecd0c000 	C:\Program Files\Amazon Corretto\jdk17.0.10_7\bin\vcruntime140_1.dll
0x00007ffbb1d10000 - 0x00007ffbb1d9d000 	C:\Program Files\Amazon Corretto\jdk17.0.10_7\bin\msvcp140.dll
0x00007ffb7d290000 - 0x00007ffb7def2000 	C:\Program Files\Amazon Corretto\jdk17.0.10_7\bin\server\jvm.dll
0x00007ffbf4850000 - 0x00007ffbf4900000 	C:\Windows\System32\ADVAPI32.dll
0x00007ffbf4ce0000 - 0x00007ffbf4d80000 	C:\Windows\System32\sechost.dll
0x00007ffbf4ed0000 - 0x00007ffbf4ff3000 	C:\Windows\System32\RPCRT4.dll
0x00007ffbf3700000 - 0x00007ffbf3727000 	C:\Windows\System32\bcrypt.dll
0x00007ffbecd30000 - 0x00007ffbecd39000 	C:\Windows\SYSTEM32\WSOCK32.dll
0x00007ffbe7870000 - 0x00007ffbe7897000 	C:\Windows\SYSTEM32\WINMM.dll
0x00007ffbf4d80000 - 0x00007ffbf4deb000 	C:\Windows\System32\WS2_32.dll
0x00007ffbea7d0000 - 0x00007ffbea7da000 	C:\Windows\SYSTEM32\VERSION.dll
0x00007ffbf3030000 - 0x00007ffbf307b000 	C:\Windows\SYSTEM32\POWRPROF.dll
0x00007ffbf3010000 - 0x00007ffbf3022000 	C:\Windows\SYSTEM32\UMPDC.dll
0x00007ffbf1710000 - 0x00007ffbf1722000 	C:\Windows\SYSTEM32\kernel.appcore.dll
0x00007ffbe3580000 - 0x00007ffbe358a000 	C:\Program Files\Amazon Corretto\jdk17.0.10_7\bin\jimage.dll
0x00007ffbf0d20000 - 0x00007ffbf0f04000 	C:\Windows\SYSTEM32\DBGHELP.DLL
0x00007ffbe92a0000 - 0x00007ffbe92d4000 	C:\Windows\SYSTEM32\dbgcore.DLL
0x00007ffbf3d30000 - 0x00007ffbf3db2000 	C:\Windows\System32\bcryptPrimitives.dll
0x00007ffbf03a0000 - 0x00007ffbf03ae000 	C:\Program Files\Amazon Corretto\jdk17.0.10_7\bin\instrument.dll
0x00007ffbc0e60000 - 0x00007ffbc0e85000 	C:\Program Files\Amazon Corretto\jdk17.0.10_7\bin\java.dll
0x00007ffba8d00000 - 0x00007ffba8dd7000 	C:\Program Files\Amazon Corretto\jdk17.0.10_7\bin\jsvml.dll
0x00007ffbf5840000 - 0x00007ffbf5fab000 	C:\Windows\System32\SHELL32.dll
0x00007ffbf1750000 - 0x00007ffbf1eee000 	C:\Windows\SYSTEM32\windows.storage.dll
0x00007ffbf5150000 - 0x00007ffbf54a3000 	C:\Windows\System32\combase.dll
0x00007ffbf2fe0000 - 0x00007ffbf300e000 	C:\Windows\SYSTEM32\Wldp.dll
0x00007ffbf4940000 - 0x00007ffbf4a0d000 	C:\Windows\System32\OLEAUT32.dll
0x00007ffbf4e20000 - 0x00007ffbf4ecd000 	C:\Windows\System32\SHCORE.dll
0x00007ffbf4510000 - 0x00007ffbf4565000 	C:\Windows\System32\shlwapi.dll
0x00007ffbf3630000 - 0x00007ffbf3653000 	C:\Windows\SYSTEM32\profapi.dll
0x00007ffbc6eb0000 - 0x00007ffbc6ec9000 	C:\Program Files\Amazon Corretto\jdk17.0.10_7\bin\net.dll
0x00007ffbedb50000 - 0x00007ffbedc5a000 	C:\Windows\SYSTEM32\WINHTTP.dll
0x00007ffbf2dc0000 - 0x00007ffbf2e2a000 	C:\Windows\system32\mswsock.dll
0x00007ffbc43b0000 - 0x00007ffbc43c6000 	C:\Program Files\Amazon Corretto\jdk17.0.10_7\bin\nio.dll
0x00007ffbc3010000 - 0x00007ffbc3028000 	C:\Program Files\Amazon Corretto\jdk17.0.10_7\bin\zip.dll
0x00007ffbe3a00000 - 0x00007ffbe3a1a000 	C:\Program Files\JetBrains\IntelliJ IDEA Community Edition 2023.3.4\bin\breakgen64.dll
0x0000021aa37f0000 - 0x0000021aa37f3000 	C:\Users\baile\.openjfx\cache\17.0.6\api-ms-win-core-console-l1-1-0.dll
0x0000021aa55d0000 - 0x0000021aa55d3000 	C:\Users\baile\.openjfx\cache\17.0.6\api-ms-win-core-console-l1-2-0.dll
0x0000021aa55e0000 - 0x0000021aa55e3000 	C:\Users\baile\.openjfx\cache\17.0.6\api-ms-win-core-datetime-l1-1-0.dll
0x0000021aa55f0000 - 0x0000021aa55f3000 	C:\Users\baile\.openjfx\cache\17.0.6\api-ms-win-core-debug-l1-1-0.dll
0x0000021aa5600000 - 0x0000021aa5603000 	C:\Users\baile\.openjfx\cache\17.0.6\api-ms-win-core-errorhandling-l1-1-0.dll
0x0000021aa5610000 - 0x0000021aa5614000 	C:\Users\baile\.openjfx\cache\17.0.6\api-ms-win-core-file-l1-1-0.dll
0x0000021ac3d50000 - 0x0000021ac3d53000 	C:\Users\baile\.openjfx\cache\17.0.6\api-ms-win-core-file-l1-2-0.dll
0x0000021ac3ef0000 - 0x0000021ac3ef3000 	C:\Users\baile\.openjfx\cache\17.0.6\api-ms-win-core-file-l2-1-0.dll
0x0000021ac3d60000 - 0x0000021ac3d63000 	C:\Users\baile\.openjfx\cache\17.0.6\api-ms-win-core-handle-l1-1-0.dll
0x0000021ac3d70000 - 0x0000021ac3d73000 	C:\Users\baile\.openjfx\cache\17.0.6\api-ms-win-core-heap-l1-1-0.dll
0x0000021ac3d80000 - 0x0000021ac3d83000 	C:\Users\baile\.openjfx\cache\17.0.6\api-ms-win-core-interlocked-l1-1-0.dll
0x0000021ac3d90000 - 0x0000021ac3d93000 	C:\Users\baile\.openjfx\cache\17.0.6\api-ms-win-core-libraryloader-l1-1-0.dll
0x0000021ac3da0000 - 0x0000021ac3da3000 	C:\Users\baile\.openjfx\cache\17.0.6\api-ms-win-core-localization-l1-2-0.dll
0x0000021ac3db0000 - 0x0000021ac3db3000 	C:\Users\baile\.openjfx\cache\17.0.6\api-ms-win-core-memory-l1-1-0.dll
0x0000021ac3dc0000 - 0x0000021ac3dc3000 	C:\Users\baile\.openjfx\cache\17.0.6\api-ms-win-core-namedpipe-l1-1-0.dll
0x0000021ac3dd0000 - 0x0000021ac3dd3000 	C:\Users\baile\.openjfx\cache\17.0.6\api-ms-win-core-processenvironment-l1-1-0.dll
0x0000021ac3de0000 - 0x0000021ac3de3000 	C:\Users\baile\.openjfx\cache\17.0.6\api-ms-win-core-processthreads-l1-1-0.dll
0x0000021ac3df0000 - 0x0000021ac3df3000 	C:\Users\baile\.openjfx\cache\17.0.6\api-ms-win-core-processthreads-l1-1-1.dll
0x0000021ac3e00000 - 0x0000021ac3e03000 	C:\Users\baile\.openjfx\cache\17.0.6\api-ms-win-core-profile-l1-1-0.dll
0x0000021ac3e10000 - 0x0000021ac3e13000 	C:\Users\baile\.openjfx\cache\17.0.6\api-ms-win-core-rtlsupport-l1-1-0.dll
0x0000021ac3e20000 - 0x0000021ac3e23000 	C:\Users\baile\.openjfx\cache\17.0.6\api-ms-win-core-string-l1-1-0.dll
0x0000021ac3e30000 - 0x0000021ac3e33000 	C:\Users\baile\.openjfx\cache\17.0.6\api-ms-win-core-synch-l1-1-0.dll
0x0000021ac3e40000 - 0x0000021ac3e43000 	C:\Users\baile\.openjfx\cache\17.0.6\api-ms-win-core-synch-l1-2-0.dll
0x0000021ac3e50000 - 0x0000021ac3e53000 	C:\Users\baile\.openjfx\cache\17.0.6\api-ms-win-core-sysinfo-l1-1-0.dll
0x0000021ac3e60000 - 0x0000021ac3e63000 	C:\Users\baile\.openjfx\cache\17.0.6\api-ms-win-core-timezone-l1-1-0.dll
0x0000021ac3e70000 - 0x0000021ac3e73000 	C:\Users\baile\.openjfx\cache\17.0.6\api-ms-win-core-util-l1-1-0.dll
0x0000021ac3e80000 - 0x0000021ac3e83000 	C:\Users\baile\.openjfx\cache\17.0.6\api-ms-win-crt-conio-l1-1-0.dll
0x0000021ac3e90000 - 0x0000021ac3e94000 	C:\Users\baile\.openjfx\cache\17.0.6\api-ms-win-crt-convert-l1-1-0.dll
0x0000021ac3ea0000 - 0x0000021ac3ea3000 	C:\Users\baile\.openjfx\cache\17.0.6\api-ms-win-crt-environment-l1-1-0.dll
0x0000021ac3eb0000 - 0x0000021ac3eb3000 	C:\Users\baile\.openjfx\cache\17.0.6\api-ms-win-crt-filesystem-l1-1-0.dll
0x0000021ac3ec0000 - 0x0000021ac3ec3000 	C:\Users\baile\.openjfx\cache\17.0.6\api-ms-win-crt-heap-l1-1-0.dll
0x0000021ac3ed0000 - 0x0000021ac3ed3000 	C:\Users\baile\.openjfx\cache\17.0.6\api-ms-win-crt-locale-l1-1-0.dll
0x0000021ac3ee0000 - 0x0000021ac3ee5000 	C:\Users\baile\.openjfx\cache\17.0.6\api-ms-win-crt-math-l1-1-0.dll
0x0000021ac3f00000 - 0x0000021ac3f05000 	C:\Users\baile\.openjfx\cache\17.0.6\api-ms-win-crt-multibyte-l1-1-0.dll
0x0000021ac3f10000 - 0x0000021ac3f20000 	C:\Users\baile\.openjfx\cache\17.0.6\api-ms-win-crt-private-l1-1-0.dll
0x0000021ac3f20000 - 0x0000021ac3f23000 	C:\Users\baile\.openjfx\cache\17.0.6\api-ms-win-crt-process-l1-1-0.dll
0x0000021ac3f30000 - 0x0000021ac3f34000 	C:\Users\baile\.openjfx\cache\17.0.6\api-ms-win-crt-runtime-l1-1-0.dll
0x0000021ac3f40000 - 0x0000021ac3f44000 	C:\Users\baile\.openjfx\cache\17.0.6\api-ms-win-crt-stdio-l1-1-0.dll
0x0000021ac3f50000 - 0x0000021ac3f54000 	C:\Users\baile\.openjfx\cache\17.0.6\api-ms-win-crt-string-l1-1-0.dll
0x0000021ac3f60000 - 0x0000021ac3f63000 	C:\Users\baile\.openjfx\cache\17.0.6\api-ms-win-crt-time-l1-1-0.dll
0x0000021ac3f70000 - 0x0000021ac3f73000 	C:\Users\baile\.openjfx\cache\17.0.6\api-ms-win-crt-utility-l1-1-0.dll
0x00007ffbc67f0000 - 0x00007ffbc68ec000 	C:\Users\baile\.openjfx\cache\17.0.6\ucrtbase.dll
0x00007ffbe37e0000 - 0x00007ffbe37fa000 	C:\Users\baile\.openjfx\cache\17.0.6\vcruntime140.dll
0x00007ffbead50000 - 0x00007ffbead5c000 	C:\Users\baile\.openjfx\cache\17.0.6\vcruntime140_1.dll
0x00007ffbc6c50000 - 0x00007ffbc6cdd000 	C:\Users\baile\.openjfx\cache\17.0.6\msvcp140.dll
0x00007ffbead10000 - 0x00007ffbead19000 	C:\Users\baile\.openjfx\cache\17.0.6\msvcp140_1.dll
0x00007ffbdbf60000 - 0x00007ffbdbf8f000 	C:\Users\baile\.openjfx\cache\17.0.6\msvcp140_2.dll
0x00007ffbd0900000 - 0x00007ffbd092a000 	C:\Users\baile\.openjfx\cache\17.0.6\prism_d3d.dll
0x00007ffbafdd0000 - 0x00007ffbaff9d000 	C:\Windows\system32\d3d9.dll
0x00007ffbf1140000 - 0x00007ffbf116f000 	C:\Windows\SYSTEM32\dwmapi.dll
0x00007ffbf0b60000 - 0x00007ffbf0bfe000 	C:\Windows\system32\uxtheme.dll
0x00007ffbad5d0000 - 0x00007ffbad7ec000 	C:\Windows\System32\DriverStore\FileRepository\iigd_dch.inf_amd64_a35f9c28ba2a1841\igdumdim64.dll
0x00007ffbf54b0000 - 0x00007ffbf55db000 	C:\Windows\System32\ole32.dll
0x00007ffb76340000 - 0x00007ffb776b3000 	C:\Windows\System32\DriverStore\FileRepository\iigd_dch.inf_amd64_a35f9c28ba2a1841\igd9dxva64.dll
0x00007ffbf40a0000 - 0x00007ffbf450e000 	C:\Windows\System32\SETUPAPI.dll
0x00007ffbf3f90000 - 0x00007ffbf3fde000 	C:\Windows\System32\cfgmgr32.dll
0x00007ffb96190000 - 0x00007ffb97eb0000 	C:\Windows\System32\DriverStore\FileRepository\iigd_dch.inf_amd64_a35f9c28ba2a1841\media_bin_64.dll
0x00007ffbe46f0000 - 0x00007ffbe4b07000 	C:\Windows\System32\DriverStore\FileRepository\iigd_dch.inf_amd64_a35f9c28ba2a1841\igdgmm64.dll
0x00007ffbc67a0000 - 0x00007ffbc67e2000 	C:\Users\baile\.openjfx\cache\17.0.6\glass.dll
0x00007ffbf4570000 - 0x00007ffbf464a000 	C:\Windows\System32\COMDLG32.dll
0x00007ffbf4bc0000 - 0x00007ffbf4cd5000 	C:\Windows\System32\MSCTF.dll
0x00007ffbe3640000 - 0x00007ffbe3667000 	C:\Windows\System32\DriverStore\FileRepository\iigd_dch.inf_amd64_a35f9c28ba2a1841\igdinfo64.dll
0x00007ffbf3090000 - 0x00007ffbf30a8000 	C:\Windows\SYSTEM32\CRYPTSP.dll
0x00007ffbf26a0000 - 0x00007ffbf26d4000 	C:\Windows\system32\rsaenh.dll
0x00007ffbf2f50000 - 0x00007ffbf2f5c000 	C:\Windows\SYSTEM32\CRYPTBASE.dll
0x00007ffbdc810000 - 0x00007ffbe050c000 	C:\Windows\System32\DriverStore\FileRepository\iigd_dch.inf_amd64_a35f9c28ba2a1841\igc64.dll
0x00007ffbe9a00000 - 0x00007ffbe9a3b000 	C:\Windows\SYSTEM32\dxcore.dll
0x00007ffbe3240000 - 0x00007ffbe3254000 	C:\Users\baile\.openjfx\cache\17.0.6\javafx_font.dll
0x00007ffbd4450000 - 0x00007ffbd46cf000 	C:\Windows\SYSTEM32\dwrite.dll
0x00007ffbf55f0000 - 0x00007ffbf5699000 	C:\Windows\System32\clbcatq.dll
0x00007ffbed160000 - 0x00007ffbed314000 	C:\Windows\SYSTEM32\WindowsCodecs.dll
0x00007ffbb8ed0000 - 0x00007ffbb8f0e000 	C:\Windows\system32\dataexchange.dll
0x00007ffbef890000 - 0x00007ffbefaf3000 	C:\Windows\system32\d3d11.dll
0x00007ffbefdc0000 - 0x00007ffbeffa5000 	C:\Windows\system32\dcomp.dll
0x00007ffbf1f50000 - 0x00007ffbf2043000 	C:\Windows\system32\dxgi.dll
0x00007ffbed320000 - 0x00007ffbed523000 	C:\Windows\system32\twinapi.appcore.dll
0x00007ffbdbd50000 - 0x00007ffbdbd84000 	C:\Program Files\Common Files\Microsoft Shared\Ink\rtscom.dll
0x00007ffbd7550000 - 0x00007ffbd7649000 	C:\Windows\SYSTEM32\textinputframework.dll

dbghelp: loaded successfully - version: 4.0.5 - missing functions: none
symbol engine: initialized successfully - sym options: 0x614 - pdb path: .;C:\Program Files\Amazon Corretto\jdk17.0.10_7\bin;C:\Windows\SYSTEM32;C:\Windows\WinSxS\amd64_microsoft.windows.common-controls_6595b64144ccf1df_6.0.19041.3636_none_60b6a03d71f818d5;C:\Program Files\Amazon Corretto\jdk17.0.10_7\bin\server;C:\Program Files\JetBrains\IntelliJ IDEA Community Edition 2023.3.4\bin;C:\Users\baile\.openjfx\cache\17.0.6;C:\Windows\System32\DriverStore\FileRepository\iigd_dch.inf_amd64_a35f9c28ba2a1841;C:\Program Files\Common Files\Microsoft Shared\Ink

VM Arguments:
jvm_args: -javaagent:C:\Program Files\JetBrains\IntelliJ IDEA Community Edition 2023.3.4\lib\idea_rt.jar=54368:C:\Program Files\JetBrains\IntelliJ IDEA Community Edition 2023.3.4\bin -Dfile.encoding=UTF-8 --module-path=C:\Users\baile\.m2\repository\org\openjfx\javafx-graphics\17.0.6\javafx-graphics-17.0.6-win.jar;C:\Users\baile\.m2\repository\org\openjfx\javafx-controls\17.0.6\javafx-controls-17.0.6-win.jar;C:\Users\baile\.m2\repository\org\openjfx\javafx-base\17.0.6\javafx-base-17.0.6-win.jar;C:\Users\baile\.m2\repository\org\openjfx\javafx-fxml\17.0.6\javafx-fxml-17.0.6-win.jar;C:\Users\baile\IdeaProjects\Main_SEM_PROJ\target\classes -Djdk.module.main=com.example.main_sem_proj 
java_command: com.example.main_sem_proj/com.example.main_sem_proj.HelloApplication
java_class_path (initial): C:\Users\baile\.m2\repository\org\openjfx\javafx-controls\17.0.6\javafx-controls-17.0.6.jar;C:\Users\baile\.m2\repository\org\openjfx\javafx-graphics\17.0.6\javafx-graphics-17.0.6.jar;C:\Users\baile\.m2\repository\org\openjfx\javafx-base\17.0.6\javafx-base-17.0.6.jar;C:\Users\baile\.m2\repository\org\openjfx\javafx-fxml\17.0.6\javafx-fxml-17.0.6.jar
Launcher Type: SUN_STANDARD

[Global flags]
     intx CICompilerCount                          = 4                                         {product} {ergonomic}
     uint ConcGCThreads                            = 2                                         {product} {ergonomic}
     uint G1ConcRefinementThreads                  = 8                                         {product} {ergonomic}
   size_t G1HeapRegionSize                         = 1048576                                   {product} {ergonomic}
    uintx GCDrainStackTargetSize                   = 64                                        {product} {ergonomic}
   size_t InitialHeapSize                          = 130023424                                 {product} {ergonomic}
   size_t MarkStackSize                            = 4194304                                   {product} {ergonomic}
   size_t MaxHeapSize                              = 2061500416                                {product} {ergonomic}
   size_t MaxNewSize                               = 1236271104                                {product} {ergonomic}
   size_t MinHeapDeltaBytes                        = 1048576                                   {product} {ergonomic}
   size_t MinHeapSize                              = 8388608                                   {product} {ergonomic}
    uintx NonNMethodCodeHeapSize                   = 5839372                                {pd product} {ergonomic}
    uintx NonProfiledCodeHeapSize                  = 122909434                              {pd product} {ergonomic}
    uintx ProfiledCodeHeapSize                     = 122909434                              {pd product} {ergonomic}
    uintx ReservedCodeCacheSize                    = 251658240                              {pd product} {ergonomic}
     bool SegmentedCodeCache                       = true                                      {product} {ergonomic}
   size_t SoftMaxHeapSize                          = 2061500416                             {manageable} {ergonomic}
     bool UseCompressedClassPointers               = true                           {product lp64_product} {ergonomic}
     bool UseCompressedOops                        = true                           {product lp64_product} {ergonomic}
     bool UseG1GC                                  = true                                      {product} {ergonomic}
     bool UseLargePagesIndividualAllocation        = false                                  {pd product} {ergonomic}

Logging:
Log output configuration:
 #0: stdout all=off uptime,level,tags
 #1: stderr all=off uptime,level,tags

Environment Variables:
JAVA_HOME=C:\Program Files\Amazon Corretto\jdk17.0.10_7
PATH=C:\Program Files\Amazon Corretto\jdk17.0.10_7\bin;C:\Windows\system32;C:\Windows;C:\Windows\System32\Wbem;C:\Windows\System32\WindowsPowerShell\v1.0\;C:\Windows\System32\OpenSSH\;C:\Program Files\PuTTY\;C:\Program Files\Microsoft SQL Server\150\Tools\Binn\;C:\Program Files\Microsoft SQL Server\Client SDK\ODBC\170\Tools\Binn\;C:\Program Files\dotnet\;C:\Program Files\nodejs\;C:\Users\baile\AppData\Local\Programs\Python\Python311\Scripts\;C:\Users\baile\AppData\Local\Programs\Python\Python311\;C:\Users\baile\AppData\Local\Microsoft\WindowsApps;C:\Users\baile\AppData\Local\Programs\Microsoft VS Code\bin;C:\Users\baile\.dotnet\tools;C:\Users\baile\AppData\Roaming\npm
USERNAME=baile
OS=Windows_NT
PROCESSOR_IDENTIFIER=Intel64 Family 6 Model 140 Stepping 1, GenuineIntel
TMP=C:\Users\baile\AppData\Local\Temp
TEMP=C:\Users\baile\AppData\Local\Temp



Periodic native trim disabled


---------------  S Y S T E M  ---------------

OS:
 Windows 10 , 64 bit Build 19041 (10.0.19041.3636)
OS uptime: 8 days 23:34 hours
Hyper-V role detected

CPU: total 8 (initial active 8) (4 cores per cpu, 2 threads per core) family 6 model 140 stepping 1 microcode 0xb4, cx8, cmov, fxsr, ht, mmx, 3dnowpref, sse, sse2, sse3, ssse3, sse4.1, sse4.2, popcnt, lzcnt, tsc, tscinvbit, avx, avx2, aes, erms, clmul, bmi1, bmi2, adx, avx512f, avx512dq, avx512cd, avx512bw, avx512vl, sha, fma, vzeroupper, avx512_vpopcntdq, avx512_vpclmulqdq, avx512_vaes, avx512_vnni, clflush, clflushopt, clwb, avx512_vbmi2, avx512_vbmi, hv
Processor Information for all 8 processors :
  Max Mhz: 2419, Current Mhz: 907, Mhz Limit: 895

Memory: 4k page, system-wide physical 7860M (1464M free)
TotalPageFile size 19384M (AvailPageFile size 5772M)
current process WorkingSet (physical memory assigned to process): 162M, peak: 195M
current process commit charge ("private bytes"): 287M, peak: 320M

vm_info: OpenJDK 64-Bit Server VM (17.0.10+7-LTS) for windows-amd64 JRE (17.0.10+7-LTS), built on Jan 10 2024 22:11:07 by "Administrator" with MS VC++ 16.10 / 16.11 (VS2019)

END.
