#
# A fatal error has been detected by the Java Runtime Environment:
#
#  EXCEPTION_ACCESS_VIOLATION (0xc0000005) at pc=0x00007ffbc7776b07, pid=9984, tid=8068
#
# JRE version: OpenJDK Runtime Environment Corretto-17.0.10.7.1 (17.0.10+7) (build 17.0.10+7-LTS)
# Java VM: OpenJDK 64-Bit Server VM Corretto-17.0.10.7.1 (17.0.10+7-LTS, mixed mode, sharing, tiered, compressed oops, compressed class ptrs, g1 gc, windows-amd64)
# Problematic frame:
# C  [glass.dll+0x26b07]
#
# No core dump will be written. Minidumps are not enabled by default on client versions of Windows
#
# If you would like to submit a bug report, please visit:
#   https://github.com/corretto/corretto-17/issues/
#

---------------  S U M M A R Y ------------

Command Line: -javaagent:C:\Program Files\JetBrains\IntelliJ IDEA Community Edition 2023.3.4\lib\idea_rt.jar=54310:C:\Program Files\JetBrains\IntelliJ IDEA Community Edition 2023.3.4\bin -Dfile.encoding=UTF-8 --module-path=C:\Users\baile\.m2\repository\org\openjfx\javafx-graphics\17.0.6\javafx-graphics-17.0.6-win.jar;C:\Users\baile\.m2\repository\org\openjfx\javafx-controls\17.0.6\javafx-controls-17.0.6-win.jar;C:\Users\baile\.m2\repository\org\openjfx\javafx-base\17.0.6\javafx-base-17.0.6-win.jar;C:\Users\baile\.m2\repository\org\openjfx\javafx-fxml\17.0.6\javafx-fxml-17.0.6-win.jar;C:\Users\baile\IdeaProjects\Main_SEM_PROJ\target\classes -Djdk.module.main=com.example.main_sem_proj com.example.main_sem_proj/com.example.main_sem_proj.HelloApplication

Host: 11th Gen Intel(R) Core(TM) i5-1135G7 @ 2.40GHz, 8 cores, 7G,  Windows 10 , 64 bit Build 19041 (10.0.19041.3636)
Time: Sun Apr 21 17:13:46 2024 E. Australia Standard Time elapsed time: 74.089367 seconds (0d 0h 1m 14s)

---------------  T H R E A D  ---------------

Current thread (0x0000027e2f2fb3b0):  VMThread "VM Thread" [stack: 0x000000f3d2a00000,0x000000f3d2b00000] [id=8068]

Stack: [0x000000f3d2a00000,0x000000f3d2b00000],  sp=0x000000f3d2aff320,  free space=1020k
Native frames: (J=compiled Java code, j=interpreted, Vv=VM code, C=native code)
C  [glass.dll+0x26b07]


siginfo: EXCEPTION_ACCESS_VIOLATION (0xc0000005), reading address 0x0000000000000000


Registers:
RAX=0x0000000000000000, RBX=0x0000027e2f313520, RCX=0x0000027e2f2fb3b0, RDX=0x000000f3d2aff320
RSP=0x000000f3d2aff320, RBP=0x0000027e75d838c8, RSI=0x0000027e75d838a0, RDI=0x00000ceb64916aa0
R8 =0x0000000000010002, R9 =0x00000ceb64916aa0, R10=0x0000000000008000, R11=0x000000f3d2aff2b0
R12=0x00007ffbc77743d4, R13=0x00007ffb7de4dee0, R14=0x000000f3d2aff418, R15=0x0000027e75d838a0
RIP=0x00007ffbc7776b07, EFLAGS=0x0000000000010206


Register to memory mapping:

RIP=0x00007ffbc7776b07 glass.dll
RAX=0x0 is NULL
RBX=0x0000027e2f313520 is a global jni handle
RCX=0x0000027e2f2fb3b0 points into unknown readable memory: 0x00007ffb7dc7d8b8 | b8 d8 c7 7d fb 7f 00 00
RDX=0x000000f3d2aff320 points into unknown readable memory: 0x0000000000000000 | 00 00 00 00 00 00 00 00
RSP=0x000000f3d2aff320 points into unknown readable memory: 0x0000000000000000 | 00 00 00 00 00 00 00 00
RBP=0x0000027e75d838c8 points into unknown readable memory: 0x00000ceb64916aa0 | a0 6a 91 64 eb 0c 00 00
RSI=0x0000027e75d838a0 points into unknown readable memory: 0xc77732076491155b | 5b 15 91 64 07 32 77 c7
RDI=0x00000ceb64916aa0 is an unknown value
R8 =0x0000000000010002 is an unknown value
R9 =0x00000ceb64916aa0 is an unknown value
R10=0x0000000000008000 is an unknown value
R11=0x000000f3d2aff2b0 points into unknown readable memory: 0x0000027e75d838a0 | a0 38 d8 75 7e 02 00 00
R12=0x00007ffbc77743d4 glass.dll
R13=0x00007ffb7de4dee0 jvm.dll
R14=0x000000f3d2aff418 points into unknown readable memory: 0x000000f3d2aff400 | 00 f4 af d2 f3 00 00 00
R15=0x0000027e75d838a0 points into unknown readable memory: 0xc77732076491155b | 5b 15 91 64 07 32 77 c7


Top of Stack: (sp=0x000000f3d2aff320)
0x000000f3d2aff320:   0000000000000000 0000027e75d838a0
0x000000f3d2aff330:   00007ffb7de4dee0 00007ffbc77743d4
0x000000f3d2aff340:   0000027e75d838a8 00007ffbf3a442d6
0x000000f3d2aff350:   00000ceb64916aa0 0000027e00000000
0x000000f3d2aff360:   0000027e75d838c8 0000027e75d838a0
0x000000f3d2aff370:   fffffffffffffffe 0000000000000000
0x000000f3d2aff380:   0000000000000001 00007ffbc7750000
0x000000f3d2aff390:   000000f3d2aff408 00007ffbf3a441fb
0x000000f3d2aff3a0:   0000000000000000 000000f3d2aff418
0x000000f3d2aff3b0:   000000f3d2aff6f0 00007ffbf3b20e40
0x000000f3d2aff3c0:   0000000000000001 00007ffbf3a441b4
0x000000f3d2aff3d0:   0000000000000000 0000000000000001
0x000000f3d2aff3e0:   00007ffb00000001 000000f3d2aff408
0x000000f3d2aff3f0:   0000000000000000 00007ffbc7774261
0x000000f3d2aff400:   00007ffbc778a138 00007ffb00000002
0x000000f3d2aff410:   0000000000000002 000000f3d2aff400
0x000000f3d2aff420:   00007ffbf30a3500 00007ffbf6069993
0x000000f3d2aff430:   0000000000000000 00007ffbc7774386
0x000000f3d2aff440:   0000000000000001 00007ffbf26a0000
0x000000f3d2aff450:   0000000000000001 00007ffbf3094b9d
0x000000f3d2aff460:   00007ffbf3090000 0000000000000000
0x000000f3d2aff470:   0000000000000001 00007ffbf26a0000
0x000000f3d2aff480:   00007ffbc7750000 000000007ffe0384
0x000000f3d2aff490:   0000000000000000 00007ffbf6069a1d
0x000000f3d2aff4a0:   00007ffbc7750000 0000000000000000
0x000000f3d2aff4b0:   0000000000000001 000000007ffe0385
0x000000f3d2aff4c0:   0000000000000000 00007ffbf60ade41
0x000000f3d2aff4d0:   000053d6700a9100 0000000000000014
0x000000f3d2aff4e0:   00007ffbc77743d4 0000000000000000
0x000000f3d2aff4f0:   0000000000000000 000000f3d1efb000
0x000000f3d2aff500:   0000027e75d7fec0 00007ffbf60adcda
0x000000f3d2aff510:   0000027e75d7f8b0 00007ffbc7750000 

Instructions: (pc=0x00007ffbc7776b07)
0x00007ffbc7776a07:   8b 4d 58 e8 01 cf ff ff 48 8b 4d 60 e8 f8 ce ff
0x00007ffbc7776a17:   ff 48 8b 95 80 00 00 00 48 8b 8d 18 01 00 00 e8
0x00007ffbc7776a27:   c6 c3 ff ff 33 d2 33 c9 e8 3c e1 ff ff 90 48 89
0x00007ffbc7776a37:   54 24 10 55 48 83 ec 20 48 8b ea 48 b8 00 00 00
0x00007ffbc7776a47:   00 00 00 00 00 48 83 c4 20 5d c3 cc 40 55 48 8b
0x00007ffbc7776a57:   ea 48 8b 01 33 c9 81 38 05 00 00 c0 0f 94 c1 8b
0x00007ffbc7776a67:   c1 5d c3 cc 40 55 48 83 ec 20 48 8b ea 8a 4d 40
0x00007ffbc7776a77:   48 83 c4 20 5d e9 f7 d2 ff ff cc 40 55 48 83 ec
0x00007ffbc7776a87:   20 48 8b ea 8a 4d 20 e8 e5 d2 ff ff 90 48 83 c4
0x00007ffbc7776a97:   20 5d c3 cc 40 55 48 83 ec 20 48 8b ea 48 83 c4
0x00007ffbc7776aa7:   20 5d e9 46 d1 ff ff cc 40 55 48 83 ec 30 48 8b
0x00007ffbc7776ab7:   ea 48 8b 01 8b 10 48 89 4c 24 28 89 54 24 20 4c
0x00007ffbc7776ac7:   8d 0d e7 d5 ff ff 4c 8b 45 70 8b 55 68 48 8b 4d
0x00007ffbc7776ad7:   60 e8 87 d0 ff ff 90 48 83 c4 30 5d c3 cc cc cc
0x00007ffbc7776ae7:   cc cc cc cc cc cc cc cc cc 40 53 48 83 ec 20 48
0x00007ffbc7776af7:   8b 1d 33 30 01 00 48 85 db 74 16 e8 09 8b ff ff
0x00007ffbc7776b07:   4c 8b 00 48 8b d3 48 8b c8 41 ff 90 b0 00 00 00
0x00007ffbc7776b17:   90 48 83 c4 20 5b c3 cc cc 40 53 48 83 ec 20 48
0x00007ffbc7776b27:   8b 1d ab 31 01 00 48 85 db 74 57 b8 ff ff ff ff
0x00007ffbc7776b37:   f0 0f c1 43 10 83 f8 01 75 3d 48 85 db 74 38 48
0x00007ffbc7776b47:   8b 0b 48 85 c9 74 0d ff 15 54 07 00 00 48 c7 03
0x00007ffbc7776b57:   00 00 00 00 48 8b 4b 08 48 85 c9 74 0d e8 a7 cd
0x00007ffbc7776b67:   ff ff 48 c7 43 08 00 00 00 00 ba 18 00 00 00 48
0x00007ffbc7776b77:   8b cb e8 92 cd ff ff 48 c7 05 4f 31 01 00 00 00
0x00007ffbc7776b87:   00 00 48 83 c4 20 5b c3 cc 40 53 48 83 ec 20 48
0x00007ffbc7776b97:   8b 1d 1b 31 01 00 48 85 db 74 57 b8 ff ff ff ff
0x00007ffbc7776ba7:   f0 0f c1 43 10 83 f8 01 75 3d 48 85 db 74 38 48
0x00007ffbc7776bb7:   8b 0b 48 85 c9 74 0d ff 15 e4 06 00 00 48 c7 03
0x00007ffbc7776bc7:   00 00 00 00 48 8b 4b 08 48 85 c9 74 0d e8 37 cd
0x00007ffbc7776bd7:   ff ff 48 c7 43 08 00 00 00 00 ba 18 00 00 00 48
0x00007ffbc7776be7:   8b cb e8 22 cd ff ff 48 c7 05 bf 30 01 00 00 00
0x00007ffbc7776bf7:   00 00 48 83 c4 20 5b c3 cc 40 53 48 83 ec 20 48 


Stack slot to memory mapping:
stack at sp + 0 slots: 0x0 is NULL
stack at sp + 1 slots: 0x0000027e75d838a0 points into unknown readable memory: 0xc77732076491155b | 5b 15 91 64 07 32 77 c7
stack at sp + 2 slots: 0x00007ffb7de4dee0 jvm.dll
stack at sp + 3 slots: 0x00007ffbc77743d4 glass.dll
stack at sp + 4 slots: 0x0000027e75d838a8 points into unknown readable memory: 0x00000ceb64916aa0 | a0 6a 91 64 eb 0c 00 00
stack at sp + 5 slots: 0x00007ffbf3a442d6 ucrtbase.dll
stack at sp + 6 slots: 0x00000ceb64916aa0 is an unknown value
stack at sp + 7 slots: 0x0000027e00000000 is an unknown value

VM_Operation (0x000000f3d21ff250): Exit, mode: safepoint, requested by thread 0x0000027e76564590


---------------  P R O C E S S  ---------------

Threads class SMR info:
_java_thread_list=0x0000027e767833a0, length=20, elements={
0x0000027e1116dde0, 0x0000027e2f302170, 0x0000027e2f302b30, 0x0000027e2f31b970,
0x0000027e2f31c940, 0x0000027e2f31fd20, 0x0000027e2f320a10, 0x0000027e2f32cd30,
0x0000027e2f34eb60, 0x0000027e2f518790, 0x0000027e757641b0, 0x0000027e75c842f0,
0x0000027e75e00680, 0x0000027e75bee4a0, 0x0000027e75bf25a0, 0x0000027e763ac890,
0x0000027e75c09350, 0x0000027e76563b70, 0x0000027e765659d0, 0x0000027e76564590
}

Java Threads: ( => current thread )
  0x0000027e1116dde0 JavaThread "main" [_thread_blocked, id=13032, stack(0x000000f3d2400000,0x000000f3d2500000)]
  0x0000027e2f302170 JavaThread "Reference Handler" daemon [_thread_blocked, id=4168, stack(0x000000f3d2b00000,0x000000f3d2c00000)]
  0x0000027e2f302b30 JavaThread "Finalizer" daemon [_thread_blocked, id=3260, stack(0x000000f3d2c00000,0x000000f3d2d00000)]
  0x0000027e2f31b970 JavaThread "Attach Listener" daemon [_thread_blocked, id=5460, stack(0x000000f3d2e00000,0x000000f3d2f00000)]
  0x0000027e2f31c940 JavaThread "Service Thread" daemon [_thread_blocked, id=15340, stack(0x000000f3d2f00000,0x000000f3d3000000)]
  0x0000027e2f31fd20 JavaThread "Monitor Deflation Thread" daemon [_thread_blocked, id=18932, stack(0x000000f3d3000000,0x000000f3d3100000)]
  0x0000027e2f320a10 JavaThread "C2 CompilerThread0" daemon [_thread_blocked, id=11760, stack(0x000000f3d3100000,0x000000f3d3200000)]
  0x0000027e2f32cd30 JavaThread "C1 CompilerThread0" daemon [_thread_blocked, id=14320, stack(0x000000f3d3200000,0x000000f3d3300000)]
  0x0000027e2f34eb60 JavaThread "Sweeper thread" daemon [_thread_blocked, id=17172, stack(0x000000f3d3300000,0x000000f3d3400000)]
  0x0000027e2f518790 JavaThread "Common-Cleaner" daemon [_thread_blocked, id=17492, stack(0x000000f3d3400000,0x000000f3d3500000)]
  0x0000027e757641b0 JavaThread "Monitor Ctrl-Break" daemon [_thread_in_native, id=136, stack(0x000000f3d3700000,0x000000f3d3800000)]
  0x0000027e75c842f0 JavaThread "Notification Thread" daemon [_thread_blocked, id=17004, stack(0x000000f3d3800000,0x000000f3d3900000)]
  0x0000027e75e00680 JavaThread "QuantumRenderer-0" daemon [_thread_blocked, id=6672, stack(0x000000f3d3a00000,0x000000f3d3b00000)]
  0x0000027e75bee4a0 JavaThread "InvokeLaterDispatcher" daemon [_thread_blocked, id=4368, stack(0x000000f3d3b00000,0x000000f3d3c00000)]
  0x0000027e75bf25a0 JavaThread "JavaFX Application Thread" [_thread_in_native, id=18540, stack(0x000000f3d3c00000,0x000000f3d3d00000)]
  0x0000027e763ac890 JavaThread "JavaFX-Launcher" [_thread_blocked, id=22072, stack(0x000000f3d4100000,0x000000f3d4200000)]
  0x0000027e75c09350 JavaThread "Thread-2" daemon [_thread_in_native, id=14836, stack(0x000000f3d4000000,0x000000f3d4100000)]
  0x0000027e76563b70 JavaThread "Prism Font Disposer" daemon [_thread_blocked, id=616, stack(0x000000f3d4a00000,0x000000f3d4b00000)]
  0x0000027e765659d0 JavaThread "Cleaner-0" daemon [_thread_blocked, id=18392, stack(0x000000f3d4b00000,0x000000f3d4c00000)]
  0x0000027e76564590 JavaThread "SIGINT handler" daemon [_thread_blocked, id=16848, stack(0x000000f3d2100000,0x000000f3d2200000)]

Other Threads:
=>0x0000027e2f2fb3b0 VMThread "VM Thread" [stack: 0x000000f3d2a00000,0x000000f3d2b00000] [id=8068]
  0x0000027e111c61d0 GCTaskThread "GC Thread#0" [stack: 0x000000f3d2500000,0x000000f3d2600000] [id=16116]
  0x0000027e7625e7a0 GCTaskThread "GC Thread#1" [stack: 0x000000f3d4200000,0x000000f3d4300000] [id=4056]
  0x0000027e7625d1a0 GCTaskThread "GC Thread#2" [stack: 0x000000f3d4300000,0x000000f3d4400000] [id=2608]
  0x0000027e7625d720 GCTaskThread "GC Thread#3" [stack: 0x000000f3d4400000,0x000000f3d4500000] [id=9880]
  0x0000027e7625e4e0 GCTaskThread "GC Thread#4" [stack: 0x000000f3d4500000,0x000000f3d4600000] [id=6900]
  0x0000027e7625ea60 GCTaskThread "GC Thread#5" [stack: 0x000000f3d4600000,0x000000f3d4700000] [id=17436]
  0x0000027e7625df60 GCTaskThread "GC Thread#6" [stack: 0x000000f3d3500000,0x000000f3d3600000] [id=22204]
  0x0000027e7625e220 GCTaskThread "GC Thread#7" [stack: 0x000000f3d3600000,0x000000f3d3700000] [id=3788]
  0x0000027e111d66e0 ConcurrentGCThread "G1 Main Marker" terminated
  0x0000027e111d7710 ConcurrentGCThread "G1 Conc#0" [stack: 0x000000f3d2700000,0x000000f3d2800000] [id=17704]
  0x0000027e1122db50 ConcurrentGCThread "G1 Refine#0" terminated
  0x0000027e1122e580 ConcurrentGCThread "G1 Service" terminated

Threads with active compile tasks:

VM state: at safepoint (shutting down)

VM Mutex/Monitor currently owned by a thread:  ([mutex/lock_event])
[0x0000027e11167c70] Threads_lock - owner thread: 0x0000027e2f2fb3b0
[0x0000027e11167e20] Heap_lock - owner thread: 0x0000027e76564590

Heap address: 0x0000000085200000, size: 1966 MB, Compressed Oops mode: 32-bit

CDS archive(s) mapped at: [0x0000027e30000000-0x0000027e30bb0000-0x0000027e30bb0000), size 12255232, SharedBaseAddress: 0x0000027e30000000, ArchiveRelocationMode: 1.
Compressed class space mapped at: 0x0000027e31000000-0x0000027e71000000, reserved size: 1073741824
Narrow klass base: 0x0000027e30000000, Narrow klass shift: 0, Narrow klass range: 0x100000000

GC Precious Log:
 CPUs: 8 total, 8 available
 Memory: 7860M
 Large Page Support: Disabled
 NUMA Support: Disabled
 Compressed Oops: Enabled (32-bit)
 Heap Region Size: 1M
 Heap Min Capacity: 8M
 Heap Initial Capacity: 124M
 Heap Max Capacity: 1966M
 Pre-touch: Disabled
 Parallel Workers: 8
 Concurrent Workers: 2
 Concurrent Refinement Workers: 8
 Periodic GC: Disabled

Heap:
 garbage-first heap   total 126976K, used 17220K [0x0000000085200000, 0x0000000100000000)
  region size 1024K, 13 young (13312K), 5 survivors (5120K)
 Metaspace       used 15807K, committed 16000K, reserved 1114112K
  class space    used 2347K, committed 2432K, reserved 1048576K

Heap Regions: E=young(eden), S=young(survivor), O=old, HS=humongous(starts), HC=humongous(continues), CS=collection set, F=free, OA=open archive, CA=closed archive, TAMS=top-at-mark-start (previous, next)
|   0|0x0000000085200000, 0x0000000085300000, 0x0000000085300000|100%| O|  |TAMS 0x0000000085200000, 0x0000000085200000| Untracked 
|   1|0x0000000085300000, 0x0000000085400000, 0x0000000085400000|100%|HS|  |TAMS 0x0000000085300000, 0x0000000085300000| Complete 
|   2|0x0000000085400000, 0x0000000085500000, 0x0000000085500000|100%|HC|  |TAMS 0x0000000085400000, 0x0000000085400000| Complete 
|   3|0x0000000085500000, 0x0000000085600000, 0x0000000085600000|100%| O|  |TAMS 0x0000000085500000, 0x0000000085500000| Untracked 
|   4|0x0000000085600000, 0x0000000085700000, 0x0000000085700000|100%| O|  |TAMS 0x0000000085600000, 0x0000000085600000| Untracked 
|   5|0x0000000085700000, 0x0000000085730400, 0x0000000085800000| 18%| O|  |TAMS 0x0000000085700000, 0x0000000085700000| Untracked 
|   6|0x0000000085800000, 0x0000000085800000, 0x0000000085900000|  0%| F|  |TAMS 0x0000000085800000, 0x0000000085800000| Untracked 
|   7|0x0000000085900000, 0x0000000085900000, 0x0000000085a00000|  0%| F|  |TAMS 0x0000000085900000, 0x0000000085900000| Untracked 
|   8|0x0000000085a00000, 0x0000000085a00000, 0x0000000085b00000|  0%| F|  |TAMS 0x0000000085a00000, 0x0000000085a00000| Untracked 
|   9|0x0000000085b00000, 0x0000000085b00000, 0x0000000085c00000|  0%| F|  |TAMS 0x0000000085b00000, 0x0000000085b00000| Untracked 
|  10|0x0000000085c00000, 0x0000000085c00000, 0x0000000085d00000|  0%| F|  |TAMS 0x0000000085c00000, 0x0000000085c00000| Untracked 
|  11|0x0000000085d00000, 0x0000000085d00000, 0x0000000085e00000|  0%| F|  |TAMS 0x0000000085d00000, 0x0000000085d00000| Untracked 
|  12|0x0000000085e00000, 0x0000000085e00000, 0x0000000085f00000|  0%| F|  |TAMS 0x0000000085e00000, 0x0000000085e00000| Untracked 
|  13|0x0000000085f00000, 0x0000000085f00000, 0x0000000086000000|  0%| F|  |TAMS 0x0000000085f00000, 0x0000000085f00000| Untracked 
|  14|0x0000000086000000, 0x0000000086000000, 0x0000000086100000|  0%| F|  |TAMS 0x0000000086000000, 0x0000000086000000| Untracked 
|  15|0x0000000086100000, 0x0000000086100000, 0x0000000086200000|  0%| F|  |TAMS 0x0000000086100000, 0x0000000086100000| Untracked 
|  16|0x0000000086200000, 0x0000000086200000, 0x0000000086300000|  0%| F|  |TAMS 0x0000000086200000, 0x0000000086200000| Untracked 
|  17|0x0000000086300000, 0x0000000086300000, 0x0000000086400000|  0%| F|  |TAMS 0x0000000086300000, 0x0000000086300000| Untracked 
|  18|0x0000000086400000, 0x0000000086400000, 0x0000000086500000|  0%| F|  |TAMS 0x0000000086400000, 0x0000000086400000| Untracked 
|  19|0x0000000086500000, 0x0000000086500000, 0x0000000086600000|  0%| F|  |TAMS 0x0000000086500000, 0x0000000086500000| Untracked 
|  20|0x0000000086600000, 0x0000000086600000, 0x0000000086700000|  0%| F|  |TAMS 0x0000000086600000, 0x0000000086600000| Untracked 
|  21|0x0000000086700000, 0x0000000086700000, 0x0000000086800000|  0%| F|  |TAMS 0x0000000086700000, 0x0000000086700000| Untracked 
|  22|0x0000000086800000, 0x0000000086800000, 0x0000000086900000|  0%| F|  |TAMS 0x0000000086800000, 0x0000000086800000| Untracked 
|  23|0x0000000086900000, 0x0000000086900000, 0x0000000086a00000|  0%| F|  |TAMS 0x0000000086900000, 0x0000000086900000| Untracked 
|  24|0x0000000086a00000, 0x0000000086a00000, 0x0000000086b00000|  0%| F|  |TAMS 0x0000000086a00000, 0x0000000086a00000| Untracked 
|  25|0x0000000086b00000, 0x0000000086b00000, 0x0000000086c00000|  0%| F|  |TAMS 0x0000000086b00000, 0x0000000086b00000| Untracked 
|  26|0x0000000086c00000, 0x0000000086c00000, 0x0000000086d00000|  0%| F|  |TAMS 0x0000000086c00000, 0x0000000086c00000| Untracked 
|  27|0x0000000086d00000, 0x0000000086d00000, 0x0000000086e00000|  0%| F|  |TAMS 0x0000000086d00000, 0x0000000086d00000| Untracked 
|  28|0x0000000086e00000, 0x0000000086e00000, 0x0000000086f00000|  0%| F|  |TAMS 0x0000000086e00000, 0x0000000086e00000| Untracked 
|  29|0x0000000086f00000, 0x0000000086f00000, 0x0000000087000000|  0%| F|  |TAMS 0x0000000086f00000, 0x0000000086f00000| Untracked 
|  30|0x0000000087000000, 0x0000000087000000, 0x0000000087100000|  0%| F|  |TAMS 0x0000000087000000, 0x0000000087000000| Untracked 
|  31|0x0000000087100000, 0x0000000087100000, 0x0000000087200000|  0%| F|  |TAMS 0x0000000087100000, 0x0000000087100000| Untracked 
|  32|0x0000000087200000, 0x0000000087200000, 0x0000000087300000|  0%| F|  |TAMS 0x0000000087200000, 0x0000000087200000| Untracked 
|  33|0x0000000087300000, 0x0000000087300000, 0x0000000087400000|  0%| F|  |TAMS 0x0000000087300000, 0x0000000087300000| Untracked 
|  34|0x0000000087400000, 0x0000000087400000, 0x0000000087500000|  0%| F|  |TAMS 0x0000000087400000, 0x0000000087400000| Untracked 
|  35|0x0000000087500000, 0x0000000087500000, 0x0000000087600000|  0%| F|  |TAMS 0x0000000087500000, 0x0000000087500000| Untracked 
|  36|0x0000000087600000, 0x0000000087600000, 0x0000000087700000|  0%| F|  |TAMS 0x0000000087600000, 0x0000000087600000| Untracked 
|  37|0x0000000087700000, 0x0000000087700000, 0x0000000087800000|  0%| F|  |TAMS 0x0000000087700000, 0x0000000087700000| Untracked 
|  38|0x0000000087800000, 0x0000000087800000, 0x0000000087900000|  0%| F|  |TAMS 0x0000000087800000, 0x0000000087800000| Untracked 
|  39|0x0000000087900000, 0x0000000087900000, 0x0000000087a00000|  0%| F|  |TAMS 0x0000000087900000, 0x0000000087900000| Untracked 
|  40|0x0000000087a00000, 0x0000000087a00000, 0x0000000087b00000|  0%| F|  |TAMS 0x0000000087a00000, 0x0000000087a00000| Untracked 
|  41|0x0000000087b00000, 0x0000000087b00000, 0x0000000087c00000|  0%| F|  |TAMS 0x0000000087b00000, 0x0000000087b00000| Untracked 
|  42|0x0000000087c00000, 0x0000000087c00000, 0x0000000087d00000|  0%| F|  |TAMS 0x0000000087c00000, 0x0000000087c00000| Untracked 
|  43|0x0000000087d00000, 0x0000000087d00000, 0x0000000087e00000|  0%| F|  |TAMS 0x0000000087d00000, 0x0000000087d00000| Untracked 
|  44|0x0000000087e00000, 0x0000000087e00000, 0x0000000087f00000|  0%| F|  |TAMS 0x0000000087e00000, 0x0000000087e00000| Untracked 
|  45|0x0000000087f00000, 0x0000000087f00000, 0x0000000088000000|  0%| F|  |TAMS 0x0000000087f00000, 0x0000000087f00000| Untracked 
|  46|0x0000000088000000, 0x0000000088000000, 0x0000000088100000|  0%| F|  |TAMS 0x0000000088000000, 0x0000000088000000| Untracked 
|  47|0x0000000088100000, 0x0000000088100000, 0x0000000088200000|  0%| F|  |TAMS 0x0000000088100000, 0x0000000088100000| Untracked 
|  48|0x0000000088200000, 0x0000000088200000, 0x0000000088300000|  0%| F|  |TAMS 0x0000000088200000, 0x0000000088200000| Untracked 
|  49|0x0000000088300000, 0x0000000088300000, 0x0000000088400000|  0%| F|  |TAMS 0x0000000088300000, 0x0000000088300000| Untracked 
|  50|0x0000000088400000, 0x0000000088400000, 0x0000000088500000|  0%| F|  |TAMS 0x0000000088400000, 0x0000000088400000| Untracked 
|  51|0x0000000088500000, 0x0000000088500000, 0x0000000088600000|  0%| F|  |TAMS 0x0000000088500000, 0x0000000088500000| Untracked 
|  52|0x0000000088600000, 0x0000000088600000, 0x0000000088700000|  0%| F|  |TAMS 0x0000000088600000, 0x0000000088600000| Untracked 
|  53|0x0000000088700000, 0x0000000088700000, 0x0000000088800000|  0%| F|  |TAMS 0x0000000088700000, 0x0000000088700000| Untracked 
|  54|0x0000000088800000, 0x0000000088800000, 0x0000000088900000|  0%| F|  |TAMS 0x0000000088800000, 0x0000000088800000| Untracked 
|  55|0x0000000088900000, 0x0000000088900000, 0x0000000088a00000|  0%| F|  |TAMS 0x0000000088900000, 0x0000000088900000| Untracked 
|  56|0x0000000088a00000, 0x0000000088a00000, 0x0000000088b00000|  0%| F|  |TAMS 0x0000000088a00000, 0x0000000088a00000| Untracked 
|  57|0x0000000088b00000, 0x0000000088b00000, 0x0000000088c00000|  0%| F|  |TAMS 0x0000000088b00000, 0x0000000088b00000| Untracked 
|  58|0x0000000088c00000, 0x0000000088c00000, 0x0000000088d00000|  0%| F|  |TAMS 0x0000000088c00000, 0x0000000088c00000| Untracked 
|  59|0x0000000088d00000, 0x0000000088d00000, 0x0000000088e00000|  0%| F|  |TAMS 0x0000000088d00000, 0x0000000088d00000| Untracked 
|  60|0x0000000088e00000, 0x0000000088e00000, 0x0000000088f00000|  0%| F|  |TAMS 0x0000000088e00000, 0x0000000088e00000| Untracked 
|  61|0x0000000088f00000, 0x0000000088f00000, 0x0000000089000000|  0%| F|  |TAMS 0x0000000088f00000, 0x0000000088f00000| Untracked 
|  62|0x0000000089000000, 0x0000000089000000, 0x0000000089100000|  0%| F|  |TAMS 0x0000000089000000, 0x0000000089000000| Untracked 
|  63|0x0000000089100000, 0x0000000089100000, 0x0000000089200000|  0%| F|  |TAMS 0x0000000089100000, 0x0000000089100000| Untracked 
|  64|0x0000000089200000, 0x0000000089200000, 0x0000000089300000|  0%| F|  |TAMS 0x0000000089200000, 0x0000000089200000| Untracked 
|  65|0x0000000089300000, 0x0000000089300000, 0x0000000089400000|  0%| F|  |TAMS 0x0000000089300000, 0x0000000089300000| Untracked 
|  66|0x0000000089400000, 0x0000000089400000, 0x0000000089500000|  0%| F|  |TAMS 0x0000000089400000, 0x0000000089400000| Untracked 
|  67|0x0000000089500000, 0x0000000089500000, 0x0000000089600000|  0%| F|  |TAMS 0x0000000089500000, 0x0000000089500000| Untracked 
|  68|0x0000000089600000, 0x0000000089600000, 0x0000000089700000|  0%| F|  |TAMS 0x0000000089600000, 0x0000000089600000| Untracked 
|  69|0x0000000089700000, 0x0000000089700000, 0x0000000089800000|  0%| F|  |TAMS 0x0000000089700000, 0x0000000089700000| Untracked 
|  70|0x0000000089800000, 0x0000000089800000, 0x0000000089900000|  0%| F|  |TAMS 0x0000000089800000, 0x0000000089800000| Untracked 
|  71|0x0000000089900000, 0x0000000089900000, 0x0000000089a00000|  0%| F|  |TAMS 0x0000000089900000, 0x0000000089900000| Untracked 
|  72|0x0000000089a00000, 0x0000000089a00000, 0x0000000089b00000|  0%| F|  |TAMS 0x0000000089a00000, 0x0000000089a00000| Untracked 
|  73|0x0000000089b00000, 0x0000000089b00000, 0x0000000089c00000|  0%| F|  |TAMS 0x0000000089b00000, 0x0000000089b00000| Untracked 
|  74|0x0000000089c00000, 0x0000000089c00000, 0x0000000089d00000|  0%| F|  |TAMS 0x0000000089c00000, 0x0000000089c00000| Untracked 
|  75|0x0000000089d00000, 0x0000000089d00000, 0x0000000089e00000|  0%| F|  |TAMS 0x0000000089d00000, 0x0000000089d00000| Untracked 
|  76|0x0000000089e00000, 0x0000000089e00000, 0x0000000089f00000|  0%| F|  |TAMS 0x0000000089e00000, 0x0000000089e00000| Untracked 
|  77|0x0000000089f00000, 0x0000000089f00000, 0x000000008a000000|  0%| F|  |TAMS 0x0000000089f00000, 0x0000000089f00000| Untracked 
|  78|0x000000008a000000, 0x000000008a000000, 0x000000008a100000|  0%| F|  |TAMS 0x000000008a000000, 0x000000008a000000| Untracked 
|  79|0x000000008a100000, 0x000000008a100000, 0x000000008a200000|  0%| F|  |TAMS 0x000000008a100000, 0x000000008a100000| Untracked 
|  80|0x000000008a200000, 0x000000008a200000, 0x000000008a300000|  0%| F|  |TAMS 0x000000008a200000, 0x000000008a200000| Untracked 
|  81|0x000000008a300000, 0x000000008a300000, 0x000000008a400000|  0%| F|  |TAMS 0x000000008a300000, 0x000000008a300000| Untracked 
|  82|0x000000008a400000, 0x000000008a400000, 0x000000008a500000|  0%| F|  |TAMS 0x000000008a400000, 0x000000008a400000| Untracked 
|  83|0x000000008a500000, 0x000000008a500000, 0x000000008a600000|  0%| F|  |TAMS 0x000000008a500000, 0x000000008a500000| Untracked 
|  84|0x000000008a600000, 0x000000008a6a0d50, 0x000000008a700000| 62%| S|CS|TAMS 0x000000008a600000, 0x000000008a600000| Complete 
|  85|0x000000008a700000, 0x000000008a800000, 0x000000008a800000|100%| S|CS|TAMS 0x000000008a700000, 0x000000008a700000| Complete 
|  86|0x000000008a800000, 0x000000008a900000, 0x000000008a900000|100%| S|CS|TAMS 0x000000008a800000, 0x000000008a800000| Complete 
|  87|0x000000008a900000, 0x000000008aa00000, 0x000000008aa00000|100%| S|CS|TAMS 0x000000008a900000, 0x000000008a900000| Complete 
|  88|0x000000008aa00000, 0x000000008ab00000, 0x000000008ab00000|100%| S|CS|TAMS 0x000000008aa00000, 0x000000008aa00000| Complete 
|  89|0x000000008ab00000, 0x000000008ab00000, 0x000000008ac00000|  0%| F|  |TAMS 0x000000008ab00000, 0x000000008ab00000| Untracked 
|  90|0x000000008ac00000, 0x000000008ac00000, 0x000000008ad00000|  0%| F|  |TAMS 0x000000008ac00000, 0x000000008ac00000| Untracked 
|  91|0x000000008ad00000, 0x000000008ad00000, 0x000000008ae00000|  0%| F|  |TAMS 0x000000008ad00000, 0x000000008ad00000| Untracked 
|  92|0x000000008ae00000, 0x000000008ae00000, 0x000000008af00000|  0%| F|  |TAMS 0x000000008ae00000, 0x000000008ae00000| Untracked 
|  93|0x000000008af00000, 0x000000008af00000, 0x000000008b000000|  0%| F|  |TAMS 0x000000008af00000, 0x000000008af00000| Untracked 
|  94|0x000000008b000000, 0x000000008b000000, 0x000000008b100000|  0%| F|  |TAMS 0x000000008b000000, 0x000000008b000000| Untracked 
|  95|0x000000008b100000, 0x000000008b100000, 0x000000008b200000|  0%| F|  |TAMS 0x000000008b100000, 0x000000008b100000| Untracked 
|  96|0x000000008b200000, 0x000000008b200000, 0x000000008b300000|  0%| F|  |TAMS 0x000000008b200000, 0x000000008b200000| Untracked 
|  97|0x000000008b300000, 0x000000008b300000, 0x000000008b400000|  0%| F|  |TAMS 0x000000008b300000, 0x000000008b300000| Untracked 
|  98|0x000000008b400000, 0x000000008b400000, 0x000000008b500000|  0%| F|  |TAMS 0x000000008b400000, 0x000000008b400000| Untracked 
|  99|0x000000008b500000, 0x000000008b500000, 0x000000008b600000|  0%| F|  |TAMS 0x000000008b500000, 0x000000008b500000| Untracked 
| 100|0x000000008b600000, 0x000000008b600000, 0x000000008b700000|  0%| F|  |TAMS 0x000000008b600000, 0x000000008b600000| Untracked 
| 101|0x000000008b700000, 0x000000008b700000, 0x000000008b800000|  0%| F|  |TAMS 0x000000008b700000, 0x000000008b700000| Untracked 
| 102|0x000000008b800000, 0x000000008b800000, 0x000000008b900000|  0%| F|  |TAMS 0x000000008b800000, 0x000000008b800000| Untracked 
| 103|0x000000008b900000, 0x000000008b900000, 0x000000008ba00000|  0%| F|  |TAMS 0x000000008b900000, 0x000000008b900000| Untracked 
| 104|0x000000008ba00000, 0x000000008ba00000, 0x000000008bb00000|  0%| F|  |TAMS 0x000000008ba00000, 0x000000008ba00000| Untracked 
| 105|0x000000008bb00000, 0x000000008bb00000, 0x000000008bc00000|  0%| F|  |TAMS 0x000000008bb00000, 0x000000008bb00000| Untracked 
| 106|0x000000008bc00000, 0x000000008bc00000, 0x000000008bd00000|  0%| F|  |TAMS 0x000000008bc00000, 0x000000008bc00000| Untracked 
| 107|0x000000008bd00000, 0x000000008bd00000, 0x000000008be00000|  0%| F|  |TAMS 0x000000008bd00000, 0x000000008bd00000| Untracked 
| 108|0x000000008be00000, 0x000000008be00000, 0x000000008bf00000|  0%| F|  |TAMS 0x000000008be00000, 0x000000008be00000| Untracked 
| 109|0x000000008bf00000, 0x000000008bf00000, 0x000000008c000000|  0%| F|  |TAMS 0x000000008bf00000, 0x000000008bf00000| Untracked 
| 110|0x000000008c000000, 0x000000008c000000, 0x000000008c100000|  0%| F|  |TAMS 0x000000008c000000, 0x000000008c000000| Untracked 
| 111|0x000000008c100000, 0x000000008c100000, 0x000000008c200000|  0%| F|  |TAMS 0x000000008c100000, 0x000000008c100000| Untracked 
| 112|0x000000008c200000, 0x000000008c200000, 0x000000008c300000|  0%| F|  |TAMS 0x000000008c200000, 0x000000008c200000| Untracked 
| 113|0x000000008c300000, 0x000000008c300000, 0x000000008c400000|  0%| F|  |TAMS 0x000000008c300000, 0x000000008c300000| Untracked 
| 114|0x000000008c400000, 0x000000008c400000, 0x000000008c500000|  0%| F|  |TAMS 0x000000008c400000, 0x000000008c400000| Untracked 
| 115|0x000000008c500000, 0x000000008c500000, 0x000000008c600000|  0%| F|  |TAMS 0x000000008c500000, 0x000000008c500000| Untracked 
| 116|0x000000008c600000, 0x000000008c676470, 0x000000008c700000| 46%| E|  |TAMS 0x000000008c600000, 0x000000008c600000| Complete 
| 117|0x000000008c700000, 0x000000008c800000, 0x000000008c800000|100%| E|CS|TAMS 0x000000008c700000, 0x000000008c700000| Complete 
| 118|0x000000008c800000, 0x000000008c900000, 0x000000008c900000|100%| E|CS|TAMS 0x000000008c800000, 0x000000008c800000| Complete 
| 119|0x000000008c900000, 0x000000008ca00000, 0x000000008ca00000|100%| E|CS|TAMS 0x000000008c900000, 0x000000008c900000| Complete 
| 120|0x000000008ca00000, 0x000000008cb00000, 0x000000008cb00000|100%| E|CS|TAMS 0x000000008ca00000, 0x000000008ca00000| Complete 
| 121|0x000000008cb00000, 0x000000008cc00000, 0x000000008cc00000|100%| E|CS|TAMS 0x000000008cb00000, 0x000000008cb00000| Complete 
| 122|0x000000008cc00000, 0x000000008cd00000, 0x000000008cd00000|100%| E|CS|TAMS 0x000000008cc00000, 0x000000008cc00000| Complete 
| 123|0x000000008cd00000, 0x000000008ce00000, 0x000000008ce00000|100%| E|CS|TAMS 0x000000008cd00000, 0x000000008cd00000| Complete 

Card table byte_map: [0x0000027e283b0000,0x0000027e28790000] _byte_map_base: 0x0000027e27f87000

Marking Bits (Prev, Next): (CMBitMap*) 0x0000027e111c67f0, (CMBitMap*) 0x0000027e111c6830
 Prev Bits: [0x0000027e28b70000, 0x0000027e2aa28000)
 Next Bits: [0x0000027e2aa30000, 0x0000027e2c8e8000)

Polling page: 0x0000027e0f2c0000

Metaspace:

Usage:
  Non-class:     13.14 MB used.
      Class:      2.29 MB used.
       Both:     15.44 MB used.

Virtual space:
  Non-class space:       64.00 MB reserved,      13.25 MB ( 21%) committed,  1 nodes.
      Class space:        1.00 GB reserved,       2.38 MB ( <1%) committed,  1 nodes.
             Both:        1.06 GB reserved,      15.62 MB (  1%) committed. 

Chunk freelists:
   Non-Class:  2.47 MB
       Class:  13.56 MB
        Both:  16.03 MB

MaxMetaspaceSize: unlimited
CompressedClassSpaceSize: 1.00 GB
Initial GC threshold: 21.00 MB
Current GC threshold: 21.00 MB
CDS: on
MetaspaceReclaimPolicy: balanced
 - commit_granule_bytes: 65536.
 - commit_granule_words: 8192.
 - virtual_space_node_default_size: 8388608.
 - enlarge_chunks_in_place: 1.
 - new_chunks_are_fully_committed: 0.
 - uncommit_free_chunks: 1.
 - use_allocation_guard: 0.
 - handle_deallocations: 1.


Internal statistics:

num_allocs_failed_limit: 0.
num_arena_births: 212.
num_arena_deaths: 0.
num_vsnodes_births: 2.
num_vsnodes_deaths: 0.
num_space_committed: 250.
num_space_uncommitted: 0.
num_chunks_returned_to_freelist: 0.
num_chunks_taken_from_freelist: 707.
num_chunk_merges: 0.
num_chunk_splits: 494.
num_chunks_enlarged: 391.
num_inconsistent_stats: 0.

CodeHeap 'non-profiled nmethods': size=120000Kb used=1045Kb max_used=1045Kb free=118954Kb
 bounds [0x0000027e20760000, 0x0000027e209d0000, 0x0000027e27c90000]
CodeHeap 'profiled nmethods': size=120000Kb used=4210Kb max_used=4210Kb free=115789Kb
 bounds [0x0000027e18c90000, 0x0000027e190b0000, 0x0000027e201c0000]
CodeHeap 'non-nmethods': size=5760Kb used=1440Kb max_used=1493Kb free=4319Kb
 bounds [0x0000027e201c0000, 0x0000027e20430000, 0x0000027e20760000]
 total_blobs=3147 nmethods=2360 adapters=698
 compilation: enabled
              stopped_count=0, restarted_count=0
 full_count=0

Compilation events (20 events):
Event: 3.950 Thread 0x0000027e2f32cd30 2353       3       javafx.scene.Scene$MouseHandler::updateCursorFrame (61 bytes)
Event: 3.952 Thread 0x0000027e2f32cd30 nmethod 2353 0x0000027e190a6b10 code [0x0000027e190a6dc0, 0x0000027e190a7c68]
Event: 4.420 Thread 0x0000027e2f32cd30 2354       3       com.sun.javafx.tk.quantum.QuantumToolkit::postPulse (133 bytes)
Event: 4.423 Thread 0x0000027e2f32cd30 nmethod 2354 0x0000027e190a8210 code [0x0000027e190a85a0, 0x0000027e190a9b68]
Event: 4.596 Thread 0x0000027e2f32cd30 2355       3       com.sun.javafx.tk.quantum.QuantumToolkit$$Lambda$83/0x0000027e31031880::run (8 bytes)
Event: 4.597 Thread 0x0000027e2f32cd30 nmethod 2355 0x0000027e190aa310 code [0x0000027e190aa500, 0x0000027e190aa8a8]
Event: 4.597 Thread 0x0000027e2f32cd30 2356   !   3       com.sun.javafx.tk.quantum.QuantumToolkit::lambda$runToolkit$12 (16 bytes)
Event: 4.597 Thread 0x0000027e2f32cd30 nmethod 2356 0x0000027e190aaa90 code [0x0000027e190aac60, 0x0000027e190aaf88]
Event: 8.670 Thread 0x0000027e2f32cd30 2357       3       com.sun.javafx.scene.NodeHelper::getSubScene (10 bytes)
Event: 8.670 Thread 0x0000027e2f32cd30 nmethod 2357 0x0000027e190ab110 code [0x0000027e190ab2c0, 0x0000027e190ab478]
Event: 8.670 Thread 0x0000027e2f32cd30 2358       3       javafx.scene.Node$1::getSubScene (5 bytes)
Event: 8.670 Thread 0x0000027e2f32cd30 nmethod 2358 0x0000027e190ab590 code [0x0000027e190ab720, 0x0000027e190ab858]
Event: 8.678 Thread 0x0000027e2f32cd30 2359       3       com.sun.javafx.event.EventHandlerManager::dispatchBubblingEvent (23 bytes)
Event: 8.678 Thread 0x0000027e2f32cd30 nmethod 2359 0x0000027e190ab910 code [0x0000027e190abac0, 0x0000027e190abdb8]
Event: 8.694 Thread 0x0000027e2f32cd30 2360       3       com.sun.glass.ui.View::getWindow (8 bytes)
Event: 8.695 Thread 0x0000027e2f32cd30 nmethod 2360 0x0000027e190abf10 code [0x0000027e190ac0e0, 0x0000027e190ac438]
Event: 8.710 Thread 0x0000027e2f32cd30 2361       3       java.util.concurrent.CopyOnWriteArrayList::size (6 bytes)
Event: 8.711 Thread 0x0000027e2f32cd30 nmethod 2361 0x0000027e190ac590 code [0x0000027e190ac720, 0x0000027e190ac858]
Event: 8.726 Thread 0x0000027e2f32cd30 2362       1       com.sun.javafx.stage.WindowEventDispatcher::getLastDispatcher (5 bytes)
Event: 8.726 Thread 0x0000027e2f32cd30 nmethod 2362 0x0000027e20865310 code [0x0000027e208654a0, 0x0000027e20865578]

GC Heap History (4 events):
Event: 0.591 GC heap before
{Heap before GC invocations=0 (full 0):
 garbage-first heap   total 126976K, used 22528K [0x0000000085200000, 0x0000000100000000)
  region size 1024K, 23 young (23552K), 0 survivors (0K)
 Metaspace       used 6668K, committed 6784K, reserved 1114112K
  class space    used 827K, committed 896K, reserved 1048576K
}
Event: 0.594 GC heap after
{Heap after GC invocations=1 (full 0):
 garbage-first heap   total 126976K, used 3093K [0x0000000085200000, 0x0000000100000000)
  region size 1024K, 3 young (3072K), 3 survivors (3072K)
 Metaspace       used 6668K, committed 6784K, reserved 1114112K
  class space    used 827K, committed 896K, reserved 1048576K
}
Event: 2.148 GC heap before
{Heap before GC invocations=1 (full 0):
 garbage-first heap   total 126976K, used 37909K [0x0000000085200000, 0x0000000100000000)
  region size 1024K, 35 young (35840K), 3 survivors (3072K)
 Metaspace       used 14567K, committed 14784K, reserved 1114112K
  class space    used 2064K, committed 2176K, reserved 1048576K
}
Event: 2.153 GC heap after
{Heap after GC invocations=2 (full 0):
 garbage-first heap   total 126976K, used 10052K [0x0000000085200000, 0x0000000100000000)
  region size 1024K, 5 young (5120K), 5 survivors (5120K)
 Metaspace       used 14567K, committed 14784K, reserved 1114112K
  class space    used 2064K, committed 2176K, reserved 1048576K
}

Dll operation events (20 events):
Event: 0.332 Loaded shared library C:\Users\baile\.openjfx\cache\17.0.6\api-ms-win-crt-locale-l1-1-0.dll
Event: 0.335 Loaded shared library C:\Users\baile\.openjfx\cache\17.0.6\api-ms-win-crt-math-l1-1-0.dll
Event: 0.338 Loaded shared library C:\Users\baile\.openjfx\cache\17.0.6\api-ms-win-crt-multibyte-l1-1-0.dll
Event: 0.341 Loaded shared library C:\Users\baile\.openjfx\cache\17.0.6\api-ms-win-crt-private-l1-1-0.dll
Event: 0.343 Loaded shared library C:\Users\baile\.openjfx\cache\17.0.6\api-ms-win-crt-process-l1-1-0.dll
Event: 0.346 Loaded shared library C:\Users\baile\.openjfx\cache\17.0.6\api-ms-win-crt-runtime-l1-1-0.dll
Event: 0.349 Loaded shared library C:\Users\baile\.openjfx\cache\17.0.6\api-ms-win-crt-stdio-l1-1-0.dll
Event: 0.352 Loaded shared library C:\Users\baile\.openjfx\cache\17.0.6\api-ms-win-crt-string-l1-1-0.dll
Event: 0.355 Loaded shared library C:\Users\baile\.openjfx\cache\17.0.6\api-ms-win-crt-time-l1-1-0.dll
Event: 0.357 Loaded shared library C:\Users\baile\.openjfx\cache\17.0.6\api-ms-win-crt-utility-l1-1-0.dll
Event: 0.368 Loaded shared library C:\Users\baile\.openjfx\cache\17.0.6\ucrtbase.dll
Event: 0.371 Loaded shared library C:\Users\baile\.openjfx\cache\17.0.6\vcruntime140.dll
Event: 0.373 Loaded shared library C:\Users\baile\.openjfx\cache\17.0.6\vcruntime140_1.dll
Event: 0.380 Loaded shared library C:\Users\baile\.openjfx\cache\17.0.6\msvcp140.dll
Event: 0.382 Loaded shared library C:\Users\baile\.openjfx\cache\17.0.6\msvcp140_1.dll
Event: 0.385 Loaded shared library C:\Users\baile\.openjfx\cache\17.0.6\msvcp140_2.dll
Event: 0.411 Loaded shared library C:\Users\baile\.openjfx\cache\17.0.6\prism_d3d.dll
Event: 0.442 Loaded shared library C:\Users\baile\.openjfx\cache\17.0.6\glass.dll
Event: 0.536 Loaded shared library C:\Program Files\Amazon Corretto\jdk17.0.10_7\bin\jimage.dll
Event: 0.657 Loaded shared library C:\Users\baile\.openjfx\cache\17.0.6\javafx_font.dll

Deoptimization events (20 events):
Event: 2.231 Thread 0x0000027e75e00680 DEOPT PACKING pc=0x0000027e18fe2bda sp=0x000000f3d3afdcf0
Event: 2.231 Thread 0x0000027e75e00680 DEOPT UNPACKING pc=0x0000027e2021ace3 sp=0x000000f3d3afd128 mode 0
Event: 2.231 Thread 0x0000027e75e00680 DEOPT PACKING pc=0x0000027e18fd4bc2 sp=0x000000f3d3afde10
Event: 2.231 Thread 0x0000027e75e00680 DEOPT UNPACKING pc=0x0000027e2021ace3 sp=0x000000f3d3afd2a0 mode 0
Event: 2.232 Thread 0x0000027e75e00680 DEOPT PACKING pc=0x0000027e18fe2bda sp=0x000000f3d3afdcf0
Event: 2.232 Thread 0x0000027e75e00680 DEOPT UNPACKING pc=0x0000027e2021ace3 sp=0x000000f3d3afd128 mode 0
Event: 2.232 Thread 0x0000027e75e00680 DEOPT PACKING pc=0x0000027e18fd4bc2 sp=0x000000f3d3afde10
Event: 2.232 Thread 0x0000027e75e00680 DEOPT UNPACKING pc=0x0000027e2021ace3 sp=0x000000f3d3afd2a0 mode 0
Event: 2.232 Thread 0x0000027e75e00680 DEOPT PACKING pc=0x0000027e18fe2bda sp=0x000000f3d3afdcf0
Event: 2.232 Thread 0x0000027e75e00680 DEOPT UNPACKING pc=0x0000027e2021ace3 sp=0x000000f3d3afd128 mode 0
Event: 2.233 Thread 0x0000027e75e00680 DEOPT PACKING pc=0x0000027e18fe2bda sp=0x000000f3d3afdcf0
Event: 2.233 Thread 0x0000027e75e00680 DEOPT UNPACKING pc=0x0000027e2021ace3 sp=0x000000f3d3afd128 mode 0
Event: 2.233 Thread 0x0000027e75e00680 DEOPT PACKING pc=0x0000027e18fd4bc2 sp=0x000000f3d3afde10
Event: 2.233 Thread 0x0000027e75e00680 DEOPT UNPACKING pc=0x0000027e2021ace3 sp=0x000000f3d3afd2a0 mode 0
Event: 2.233 Thread 0x0000027e75e00680 DEOPT PACKING pc=0x0000027e18fe2bda sp=0x000000f3d3afdcf0
Event: 2.233 Thread 0x0000027e75e00680 DEOPT UNPACKING pc=0x0000027e2021ace3 sp=0x000000f3d3afd128 mode 0
Event: 2.237 Thread 0x0000027e75e00680 DEOPT PACKING pc=0x0000027e18fd4bc2 sp=0x000000f3d3afde10
Event: 2.237 Thread 0x0000027e75e00680 DEOPT UNPACKING pc=0x0000027e2021ace3 sp=0x000000f3d3afd2a0 mode 0
Event: 2.237 Thread 0x0000027e75e00680 DEOPT PACKING pc=0x0000027e18fe2bda sp=0x000000f3d3afdcf0
Event: 2.237 Thread 0x0000027e75e00680 DEOPT UNPACKING pc=0x0000027e2021ace3 sp=0x000000f3d3afd128 mode 0

Classes unloaded (0 events):
No events

Classes redefined (0 events):
No events

Internal exceptions (20 events):
Event: 0.752 Thread 0x0000027e75bf25a0 Implicit null exception at 0x0000027e2077c7d8 to 0x0000027e2077c86e
Event: 0.763 Thread 0x0000027e75bf25a0 Implicit null exception at 0x0000027e207bcc0d to 0x0000027e207bd00c
Event: 0.828 Thread 0x0000027e75bf25a0 Implicit null exception at 0x0000027e207bab8a to 0x0000027e207baf94
Event: 0.830 Thread 0x0000027e75bf25a0 Implicit null exception at 0x0000027e2077c18f to 0x0000027e2077c209
Event: 0.864 Thread 0x0000027e75bf25a0 Exception <a 'java/lang/NoSuchMethodError'{0x000000008bd53c20}: 'java.lang.Object java.lang.invoke.DirectMethodHandle$Holder.invokeInterface(java.lang.Object, java.lang.Object, java.lang.Object)'> (0x000000008bd53c20) 
thrown [s\src\hotspot\share\interpreter\linkResolver.cpp, line 759]
Event: 0.864 Thread 0x0000027e75bf25a0 Exception <a 'java/lang/IncompatibleClassChangeError'{0x000000008bd575a8}: Found class java.lang.Object, but interface was expected> (0x000000008bd575a8) 
thrown [s\src\hotspot\share\interpreter\linkResolver.cpp, line 826]
Event: 0.908 Thread 0x0000027e75bf25a0 Exception <a 'java/lang/NoSuchMethodError'{0x000000008bb2f038}: 'java.lang.Object java.lang.invoke.DirectMethodHandle$Holder.newInvokeSpecial(java.lang.Object, java.lang.Object, int)'> (0x000000008bb2f038) 
thrown [s\src\hotspot\share\interpreter\linkResolver.cpp, line 759]
Event: 0.934 Thread 0x0000027e75e00680 Exception <a 'java/lang/NoSuchMethodError'{0x000000008ba836d8}: 'int java.lang.invoke.DirectMethodHandle$Holder.invokeStaticInit(java.lang.Object, java.lang.Object)'> (0x000000008ba836d8) 
thrown [s\src\hotspot\share\interpreter\linkResolver.cpp, line 759]
Event: 1.072 Thread 0x0000027e2f31b970 Exception <a 'sun/nio/fs/WindowsException'{0x000000008b378c48}> (0x000000008b378c48) 
thrown [s\src\hotspot\share\prims\jni.cpp, line 516]
Event: 1.556 Thread 0x0000027e75bf25a0 Exception <a 'java/lang/NoSuchMethodError'{0x000000008b2a9688}: 'long java.lang.invoke.DirectMethodHandle$Holder.invokeStatic(java.lang.Object, java.lang.Object, java.lang.Object)'> (0x000000008b2a9688) 
thrown [s\src\hotspot\share\interpreter\linkResolver.cpp, line 759]
Event: 1.557 Thread 0x0000027e75bf25a0 Exception <a 'java/lang/NoSuchMethodError'{0x000000008b2ace30}: 'long java.lang.invoke.DirectMethodHandle$Holder.invokeStaticInit(java.lang.Object, java.lang.Object, java.lang.Object)'> (0x000000008b2ace30) 
thrown [s\src\hotspot\share\interpreter\linkResolver.cpp, line 759]
Event: 1.558 Thread 0x0000027e75bf25a0 Exception <a 'java/lang/NoSuchMethodError'{0x000000008b2c4a38}: 'java.lang.Object java.lang.invoke.DirectMethodHandle$Holder.newInvokeSpecial(java.lang.Object, java.lang.Object, long)'> (0x000000008b2c4a38) 
thrown [s\src\hotspot\share\interpreter\linkResolver.cpp, line 759]
Event: 1.558 Thread 0x0000027e75bf25a0 Exception <a 'java/lang/NoSuchMethodError'{0x000000008b2c85a8}: 'java.lang.Object java.lang.invoke.Invokers$Holder.linkToTargetMethod(java.lang.Object, long, java.lang.Object)'> (0x000000008b2c85a8) 
thrown [s\src\hotspot\share\interpreter\linkResolver.cpp, line 759]
Event: 1.606 Thread 0x0000027e75bf25a0 Exception <a 'java/io/FileNotFoundException'{0x000000008b034118}> (0x000000008b034118) 
thrown [s\src\hotspot\share\prims\jni.cpp, line 516]
Event: 1.721 Thread 0x0000027e75e00680 Exception <a 'java/lang/NoSuchMethodError'{0x000000008b2ef2a0}: 'java.lang.Object java.lang.invoke.DirectMethodHandle$Holder.invokeStaticInit(java.lang.Object, int)'> (0x000000008b2ef2a0) 
thrown [s\src\hotspot\share\interpreter\linkResolver.cpp, line 759]
Event: 2.144 Thread 0x0000027e75bf25a0 Exception <a 'java/lang/NoSuchMethodError'{0x000000008ab35400}: 'java.lang.Object java.lang.invoke.DirectMethodHandle$Holder.invokeSpecial(java.lang.Object, java.lang.Object, double, double)'> (0x000000008ab35400) 
thrown [s\src\hotspot\share\interpreter\linkResolver.cpp, line 759]
Event: 2.179 Thread 0x0000027e75bf25a0 Exception <a 'java/lang/ClassNotFoundException'{0x000000008ccb9228}: com/sun/javafx/scene/control/skin/resources/controls> (0x000000008ccb9228) 
thrown [s\src\hotspot\share\prims\jni.cpp, line 535]
Event: 2.179 Thread 0x0000027e75bf25a0 Exception <a 'java/lang/ClassNotFoundException'{0x000000008ccc7488}: com/sun/javafx/scene/control/skin/resources/controls_en> (0x000000008ccc7488) 
thrown [s\src\hotspot\share\prims\jni.cpp, line 535]
Event: 2.179 Thread 0x0000027e75bf25a0 Exception <a 'java/lang/ClassNotFoundException'{0x000000008ccc86e0}: com/sun/javafx/scene/control/skin/resources/controls_en_AU> (0x000000008ccc86e0) 
thrown [s\src\hotspot\share\prims\jni.cpp, line 535]
Event: 2.195 Thread 0x0000027e75bf25a0 Exception <a 'java/lang/NoSuchMethodError'{0x000000008cbde058}: 'void java.lang.invoke.DirectMethodHandle$Holder.invokeSpecial(java.lang.Object, java.lang.Object, java.lang.Object, java.lang.Object, java.lang.Object, java.lang.Object)'> (0x000000008cbde058) 
thrown [s\src\hotspot\share\interpreter\linkResolver.cpp, line 759]

VM Operations (20 events):
Event: 0.576 Executing VM operation: ICBufferFull done
Event: 0.591 Executing VM operation: G1CollectForAllocation
Event: 0.594 Executing VM operation: G1CollectForAllocation done
Event: 0.626 Executing VM operation: HandshakeAllThreads
Event: 0.626 Executing VM operation: HandshakeAllThreads done
Event: 0.660 Executing VM operation: HandshakeAllThreads
Event: 0.660 Executing VM operation: HandshakeAllThreads done
Event: 1.559 Executing VM operation: ICBufferFull
Event: 1.559 Executing VM operation: ICBufferFull done
Event: 2.065 Executing VM operation: ICBufferFull
Event: 2.066 Executing VM operation: ICBufferFull done
Event: 2.148 Executing VM operation: G1CollectForAllocation
Event: 2.153 Executing VM operation: G1CollectForAllocation done
Event: 4.154 Executing VM operation: Cleanup
Event: 4.154 Executing VM operation: Cleanup done
Event: 10.156 Executing VM operation: Cleanup
Event: 10.156 Executing VM operation: Cleanup done
Event: 60.233 Executing VM operation: HandshakeAllThreads
Event: 60.233 Executing VM operation: HandshakeAllThreads done
Event: 73.742 Executing VM operation: Exit

Events (20 events):
Event: 3.300 loading class java/lang/HBox
Event: 3.300 loading class java/lang/HBox done
Event: 3.300 loading class java/util/HBox
Event: 3.300 loading class java/util/HBox done
Event: 3.301 loading class java/lang/Button
Event: 3.301 loading class java/lang/Button done
Event: 3.301 loading class java/util/Button
Event: 3.301 loading class java/util/Button done
Event: 3.301 loading class java/lang/TextField
Event: 3.301 loading class java/lang/TextField done
Event: 3.301 loading class java/util/TextField
Event: 3.301 loading class java/util/TextField done
Event: 73.739 loading class jdk/internal/misc/Signal$1
Event: 73.740 loading class jdk/internal/misc/Signal$1 done
Event: 73.740 Thread 0x0000027e76564590 Thread added: 0x0000027e76564590
Event: 73.740 Thread 0x0000027e76566e10 Thread added: 0x0000027e76566e10
Event: 73.740 Thread 0x0000027e765654c0 Thread added: 0x0000027e765654c0
Event: 73.741 Thread 0x0000027e76566e10 Thread exited: 0x0000027e76566e10
Event: 73.742 Thread 0x0000027e765654c0 Thread exited: 0x0000027e765654c0
Event: 73.742 Thread 0x0000027e2f316fa0 Thread exited: 0x0000027e2f316fa0


Dynamic libraries:
0x00007ff7cb240000 - 0x00007ff7cb24e000 	C:\Program Files\Amazon Corretto\jdk17.0.10_7\bin\java.exe
0x00007ffbf6050000 - 0x00007ffbf6248000 	C:\Windows\SYSTEM32\ntdll.dll
0x00007ffbf5090000 - 0x00007ffbf514d000 	C:\Windows\System32\KERNEL32.DLL
0x00007ffbf3730000 - 0x00007ffbf3a26000 	C:\Windows\System32\KERNELBASE.dll
0x00007ffbf3a30000 - 0x00007ffbf3b30000 	C:\Windows\System32\ucrtbase.dll
0x00007ffbcb6e0000 - 0x00007ffbcb6f7000 	C:\Program Files\Amazon Corretto\jdk17.0.10_7\bin\jli.dll
0x00007ffbe3590000 - 0x00007ffbe35ab000 	C:\Program Files\Amazon Corretto\jdk17.0.10_7\bin\VCRUNTIME140.dll
0x00007ffbf56a0000 - 0x00007ffbf583f000 	C:\Windows\System32\USER32.dll
0x00007ffbe2400000 - 0x00007ffbe269a000 	C:\Windows\WinSxS\amd64_microsoft.windows.common-controls_6595b64144ccf1df_6.0.19041.3636_none_60b6a03d71f818d5\COMCTL32.dll
0x00007ffbf3be0000 - 0x00007ffbf3c02000 	C:\Windows\System32\win32u.dll
0x00007ffbf46b0000 - 0x00007ffbf474e000 	C:\Windows\System32\msvcrt.dll
0x00007ffbf4df0000 - 0x00007ffbf4e1b000 	C:\Windows\System32\GDI32.dll
0x00007ffbf3c10000 - 0x00007ffbf3d27000 	C:\Windows\System32\gdi32full.dll
0x00007ffbf3fe0000 - 0x00007ffbf407d000 	C:\Windows\System32\msvcp_win.dll
0x00007ffbf4900000 - 0x00007ffbf4932000 	C:\Windows\System32\IMM32.DLL
0x00007ffbecd00000 - 0x00007ffbecd0c000 	C:\Program Files\Amazon Corretto\jdk17.0.10_7\bin\vcruntime140_1.dll
0x00007ffbb1d10000 - 0x00007ffbb1d9d000 	C:\Program Files\Amazon Corretto\jdk17.0.10_7\bin\msvcp140.dll
0x00007ffb7d290000 - 0x00007ffb7def2000 	C:\Program Files\Amazon Corretto\jdk17.0.10_7\bin\server\jvm.dll
0x00007ffbf4850000 - 0x00007ffbf4900000 	C:\Windows\System32\ADVAPI32.dll
0x00007ffbf4ce0000 - 0x00007ffbf4d80000 	C:\Windows\System32\sechost.dll
0x00007ffbf4ed0000 - 0x00007ffbf4ff3000 	C:\Windows\System32\RPCRT4.dll
0x00007ffbf3700000 - 0x00007ffbf3727000 	C:\Windows\System32\bcrypt.dll
0x00007ffbecd30000 - 0x00007ffbecd39000 	C:\Windows\SYSTEM32\WSOCK32.dll
0x00007ffbe7870000 - 0x00007ffbe7897000 	C:\Windows\SYSTEM32\WINMM.dll
0x00007ffbea7d0000 - 0x00007ffbea7da000 	C:\Windows\SYSTEM32\VERSION.dll
0x00007ffbf3030000 - 0x00007ffbf307b000 	C:\Windows\SYSTEM32\POWRPROF.dll
0x00007ffbf4d80000 - 0x00007ffbf4deb000 	C:\Windows\System32\WS2_32.dll
0x00007ffbf3010000 - 0x00007ffbf3022000 	C:\Windows\SYSTEM32\UMPDC.dll
0x00007ffbf1710000 - 0x00007ffbf1722000 	C:\Windows\SYSTEM32\kernel.appcore.dll
0x00007ffbe3580000 - 0x00007ffbe358a000 	C:\Program Files\Amazon Corretto\jdk17.0.10_7\bin\jimage.dll
0x00007ffbf0d20000 - 0x00007ffbf0f04000 	C:\Windows\SYSTEM32\DBGHELP.DLL
0x00007ffbe92a0000 - 0x00007ffbe92d4000 	C:\Windows\SYSTEM32\dbgcore.DLL
0x00007ffbf3d30000 - 0x00007ffbf3db2000 	C:\Windows\System32\bcryptPrimitives.dll
0x00007ffbf03a0000 - 0x00007ffbf03ae000 	C:\Program Files\Amazon Corretto\jdk17.0.10_7\bin\instrument.dll
0x00007ffbc0e60000 - 0x00007ffbc0e85000 	C:\Program Files\Amazon Corretto\jdk17.0.10_7\bin\java.dll
0x00007ffba8d00000 - 0x00007ffba8dd7000 	C:\Program Files\Amazon Corretto\jdk17.0.10_7\bin\jsvml.dll
0x00007ffbf5840000 - 0x00007ffbf5fab000 	C:\Windows\System32\SHELL32.dll
0x00007ffbf1750000 - 0x00007ffbf1eee000 	C:\Windows\SYSTEM32\windows.storage.dll
0x00007ffbf5150000 - 0x00007ffbf54a3000 	C:\Windows\System32\combase.dll
0x00007ffbf2fe0000 - 0x00007ffbf300e000 	C:\Windows\SYSTEM32\Wldp.dll
0x00007ffbf4940000 - 0x00007ffbf4a0d000 	C:\Windows\System32\OLEAUT32.dll
0x00007ffbf4e20000 - 0x00007ffbf4ecd000 	C:\Windows\System32\SHCORE.dll
0x00007ffbf4510000 - 0x00007ffbf4565000 	C:\Windows\System32\shlwapi.dll
0x00007ffbf3630000 - 0x00007ffbf3653000 	C:\Windows\SYSTEM32\profapi.dll
0x00007ffbc6eb0000 - 0x00007ffbc6ec9000 	C:\Program Files\Amazon Corretto\jdk17.0.10_7\bin\net.dll
0x00007ffbedb50000 - 0x00007ffbedc5a000 	C:\Windows\SYSTEM32\WINHTTP.dll
0x00007ffbf2dc0000 - 0x00007ffbf2e2a000 	C:\Windows\system32\mswsock.dll
0x00007ffbc43b0000 - 0x00007ffbc43c6000 	C:\Program Files\Amazon Corretto\jdk17.0.10_7\bin\nio.dll
0x00007ffbc3010000 - 0x00007ffbc3028000 	C:\Program Files\Amazon Corretto\jdk17.0.10_7\bin\zip.dll
0x00007ffbea950000 - 0x00007ffbea96a000 	C:\Program Files\JetBrains\IntelliJ IDEA Community Edition 2023.3.4\bin\breakgen64.dll
0x0000027e110f0000 - 0x0000027e110f3000 	C:\Users\baile\.openjfx\cache\17.0.6\api-ms-win-core-console-l1-1-0.dll
0x0000027e11100000 - 0x0000027e11103000 	C:\Users\baile\.openjfx\cache\17.0.6\api-ms-win-core-console-l1-2-0.dll
0x0000027e11110000 - 0x0000027e11113000 	C:\Users\baile\.openjfx\cache\17.0.6\api-ms-win-core-datetime-l1-1-0.dll
0x0000027e11120000 - 0x0000027e11123000 	C:\Users\baile\.openjfx\cache\17.0.6\api-ms-win-core-debug-l1-1-0.dll
0x0000027e2f880000 - 0x0000027e2f883000 	C:\Users\baile\.openjfx\cache\17.0.6\api-ms-win-core-errorhandling-l1-1-0.dll
0x0000027e2fbf0000 - 0x0000027e2fbf4000 	C:\Users\baile\.openjfx\cache\17.0.6\api-ms-win-core-file-l1-1-0.dll
0x0000027e2fc00000 - 0x0000027e2fc03000 	C:\Users\baile\.openjfx\cache\17.0.6\api-ms-win-core-file-l1-2-0.dll
0x0000027e2f890000 - 0x0000027e2f893000 	C:\Users\baile\.openjfx\cache\17.0.6\api-ms-win-core-file-l2-1-0.dll
0x0000027e2f8a0000 - 0x0000027e2f8a3000 	C:\Users\baile\.openjfx\cache\17.0.6\api-ms-win-core-handle-l1-1-0.dll
0x0000027e2f8b0000 - 0x0000027e2f8b3000 	C:\Users\baile\.openjfx\cache\17.0.6\api-ms-win-core-heap-l1-1-0.dll
0x0000027e2f8c0000 - 0x0000027e2f8c3000 	C:\Users\baile\.openjfx\cache\17.0.6\api-ms-win-core-interlocked-l1-1-0.dll
0x0000027e2f8d0000 - 0x0000027e2f8d3000 	C:\Users\baile\.openjfx\cache\17.0.6\api-ms-win-core-libraryloader-l1-1-0.dll
0x0000027e2f8e0000 - 0x0000027e2f8e3000 	C:\Users\baile\.openjfx\cache\17.0.6\api-ms-win-core-localization-l1-2-0.dll
0x0000027e2f8f0000 - 0x0000027e2f8f3000 	C:\Users\baile\.openjfx\cache\17.0.6\api-ms-win-core-memory-l1-1-0.dll
0x0000027e2f900000 - 0x0000027e2f903000 	C:\Users\baile\.openjfx\cache\17.0.6\api-ms-win-core-namedpipe-l1-1-0.dll
0x0000027e2f910000 - 0x0000027e2f913000 	C:\Users\baile\.openjfx\cache\17.0.6\api-ms-win-core-processenvironment-l1-1-0.dll
0x0000027e2f920000 - 0x0000027e2f923000 	C:\Users\baile\.openjfx\cache\17.0.6\api-ms-win-core-processthreads-l1-1-0.dll
0x0000027e2fb90000 - 0x0000027e2fb93000 	C:\Users\baile\.openjfx\cache\17.0.6\api-ms-win-core-processthreads-l1-1-1.dll
0x0000027e2fba0000 - 0x0000027e2fba3000 	C:\Users\baile\.openjfx\cache\17.0.6\api-ms-win-core-profile-l1-1-0.dll
0x0000027e2fbb0000 - 0x0000027e2fbb3000 	C:\Users\baile\.openjfx\cache\17.0.6\api-ms-win-core-rtlsupport-l1-1-0.dll
0x0000027e2fbc0000 - 0x0000027e2fbc3000 	C:\Users\baile\.openjfx\cache\17.0.6\api-ms-win-core-string-l1-1-0.dll
0x0000027e2fbd0000 - 0x0000027e2fbd3000 	C:\Users\baile\.openjfx\cache\17.0.6\api-ms-win-core-synch-l1-1-0.dll
0x0000027e2fa60000 - 0x0000027e2fa63000 	C:\Users\baile\.openjfx\cache\17.0.6\api-ms-win-core-synch-l1-2-0.dll
0x0000027e2fa70000 - 0x0000027e2fa73000 	C:\Users\baile\.openjfx\cache\17.0.6\api-ms-win-core-sysinfo-l1-1-0.dll
0x0000027e2fa80000 - 0x0000027e2fa83000 	C:\Users\baile\.openjfx\cache\17.0.6\api-ms-win-core-timezone-l1-1-0.dll
0x0000027e2fa90000 - 0x0000027e2fa93000 	C:\Users\baile\.openjfx\cache\17.0.6\api-ms-win-core-util-l1-1-0.dll
0x0000027e2faa0000 - 0x0000027e2faa3000 	C:\Users\baile\.openjfx\cache\17.0.6\api-ms-win-crt-conio-l1-1-0.dll
0x0000027e2fab0000 - 0x0000027e2fab4000 	C:\Users\baile\.openjfx\cache\17.0.6\api-ms-win-crt-convert-l1-1-0.dll
0x0000027e2fa50000 - 0x0000027e2fa53000 	C:\Users\baile\.openjfx\cache\17.0.6\api-ms-win-crt-environment-l1-1-0.dll
0x0000027e2fac0000 - 0x0000027e2fac3000 	C:\Users\baile\.openjfx\cache\17.0.6\api-ms-win-crt-filesystem-l1-1-0.dll
0x0000027e2fad0000 - 0x0000027e2fad3000 	C:\Users\baile\.openjfx\cache\17.0.6\api-ms-win-crt-heap-l1-1-0.dll
0x0000027e2fae0000 - 0x0000027e2fae3000 	C:\Users\baile\.openjfx\cache\17.0.6\api-ms-win-crt-locale-l1-1-0.dll
0x0000027e2faf0000 - 0x0000027e2faf5000 	C:\Users\baile\.openjfx\cache\17.0.6\api-ms-win-crt-math-l1-1-0.dll
0x0000027e2fb00000 - 0x0000027e2fb05000 	C:\Users\baile\.openjfx\cache\17.0.6\api-ms-win-crt-multibyte-l1-1-0.dll
0x0000027e2fb10000 - 0x0000027e2fb20000 	C:\Users\baile\.openjfx\cache\17.0.6\api-ms-win-crt-private-l1-1-0.dll
0x0000027e2fb20000 - 0x0000027e2fb23000 	C:\Users\baile\.openjfx\cache\17.0.6\api-ms-win-crt-process-l1-1-0.dll
0x0000027e2f930000 - 0x0000027e2f934000 	C:\Users\baile\.openjfx\cache\17.0.6\api-ms-win-crt-runtime-l1-1-0.dll
0x0000027e2f940000 - 0x0000027e2f944000 	C:\Users\baile\.openjfx\cache\17.0.6\api-ms-win-crt-stdio-l1-1-0.dll
0x0000027e2f950000 - 0x0000027e2f954000 	C:\Users\baile\.openjfx\cache\17.0.6\api-ms-win-crt-string-l1-1-0.dll
0x0000027e2f960000 - 0x0000027e2f963000 	C:\Users\baile\.openjfx\cache\17.0.6\api-ms-win-crt-time-l1-1-0.dll
0x0000027e2f970000 - 0x0000027e2f973000 	C:\Users\baile\.openjfx\cache\17.0.6\api-ms-win-crt-utility-l1-1-0.dll
0x00007ffbc67f0000 - 0x00007ffbc68ec000 	C:\Users\baile\.openjfx\cache\17.0.6\ucrtbase.dll
0x00007ffbe3a00000 - 0x00007ffbe3a1a000 	C:\Users\baile\.openjfx\cache\17.0.6\vcruntime140.dll
0x00007ffbeb0a0000 - 0x00007ffbeb0ac000 	C:\Users\baile\.openjfx\cache\17.0.6\vcruntime140_1.dll
0x00007ffbc9700000 - 0x00007ffbc978d000 	C:\Users\baile\.openjfx\cache\17.0.6\msvcp140.dll
0x00007ffbead50000 - 0x00007ffbead59000 	C:\Users\baile\.openjfx\cache\17.0.6\msvcp140_1.dll
0x00007ffbe3810000 - 0x00007ffbe383f000 	C:\Users\baile\.openjfx\cache\17.0.6\msvcp140_2.dll
0x00007ffbe37e0000 - 0x00007ffbe380a000 	C:\Users\baile\.openjfx\cache\17.0.6\prism_d3d.dll
0x00007ffbc3230000 - 0x00007ffbc33fd000 	C:\Windows\system32\d3d9.dll
0x00007ffbf1140000 - 0x00007ffbf116f000 	C:\Windows\SYSTEM32\dwmapi.dll
0x00007ffbf0b60000 - 0x00007ffbf0bfe000 	C:\Windows\system32\uxtheme.dll
0x00007ffbc0560000 - 0x00007ffbc077c000 	C:\Windows\System32\DriverStore\FileRepository\iigd_dch.inf_amd64_a35f9c28ba2a1841\igdumdim64.dll
0x00007ffbf54b0000 - 0x00007ffbf55db000 	C:\Windows\System32\ole32.dll
0x00007ffb76340000 - 0x00007ffb776b3000 	C:\Windows\System32\DriverStore\FileRepository\iigd_dch.inf_amd64_a35f9c28ba2a1841\igd9dxva64.dll
0x00007ffbf40a0000 - 0x00007ffbf450e000 	C:\Windows\System32\SETUPAPI.dll
0x00007ffbf3f90000 - 0x00007ffbf3fde000 	C:\Windows\System32\cfgmgr32.dll
0x00007ffb96190000 - 0x00007ffb97eb0000 	C:\Windows\System32\DriverStore\FileRepository\iigd_dch.inf_amd64_a35f9c28ba2a1841\media_bin_64.dll
0x00007ffbe46f0000 - 0x00007ffbe4b07000 	C:\Windows\System32\DriverStore\FileRepository\iigd_dch.inf_amd64_a35f9c28ba2a1841\igdgmm64.dll
0x00007ffbc7750000 - 0x00007ffbc7792000 	C:\Users\baile\.openjfx\cache\17.0.6\glass.dll
0x00007ffbf4570000 - 0x00007ffbf464a000 	C:\Windows\System32\COMDLG32.dll
0x00007ffbf4bc0000 - 0x00007ffbf4cd5000 	C:\Windows\System32\MSCTF.dll
0x00007ffbe3640000 - 0x00007ffbe3667000 	C:\Windows\System32\DriverStore\FileRepository\iigd_dch.inf_amd64_a35f9c28ba2a1841\igdinfo64.dll
0x00007ffbf3090000 - 0x00007ffbf30a8000 	C:\Windows\SYSTEM32\CRYPTSP.dll
0x00007ffbf26a0000 - 0x00007ffbf26d4000 	C:\Windows\system32\rsaenh.dll
0x00007ffbf2f50000 - 0x00007ffbf2f5c000 	C:\Windows\SYSTEM32\CRYPTBASE.dll
0x00007ffbdc810000 - 0x00007ffbe050c000 	C:\Windows\System32\DriverStore\FileRepository\iigd_dch.inf_amd64_a35f9c28ba2a1841\igc64.dll
0x00007ffbe9a00000 - 0x00007ffbe9a3b000 	C:\Windows\SYSTEM32\dxcore.dll
0x00007ffbe3240000 - 0x00007ffbe3254000 	C:\Users\baile\.openjfx\cache\17.0.6\javafx_font.dll
0x00007ffbd4450000 - 0x00007ffbd46cf000 	C:\Windows\SYSTEM32\dwrite.dll
0x00007ffbf55f0000 - 0x00007ffbf5699000 	C:\Windows\System32\clbcatq.dll
0x00007ffbed160000 - 0x00007ffbed314000 	C:\Windows\SYSTEM32\WindowsCodecs.dll
0x00007ffbb8ed0000 - 0x00007ffbb8f0e000 	C:\Windows\system32\dataexchange.dll
0x00007ffbef890000 - 0x00007ffbefaf3000 	C:\Windows\system32\d3d11.dll
0x00007ffbefdc0000 - 0x00007ffbeffa5000 	C:\Windows\system32\dcomp.dll
0x00007ffbf1f50000 - 0x00007ffbf2043000 	C:\Windows\system32\dxgi.dll
0x00007ffbed320000 - 0x00007ffbed523000 	C:\Windows\system32\twinapi.appcore.dll
0x00007ffbdbd50000 - 0x00007ffbdbd84000 	C:\Program Files\Common Files\Microsoft Shared\Ink\rtscom.dll
0x00007ffbd7550000 - 0x00007ffbd7649000 	C:\Windows\SYSTEM32\textinputframework.dll

dbghelp: loaded successfully - version: 4.0.5 - missing functions: none
symbol engine: initialized successfully - sym options: 0x614 - pdb path: .;C:\Program Files\Amazon Corretto\jdk17.0.10_7\bin;C:\Windows\SYSTEM32;C:\Windows\WinSxS\amd64_microsoft.windows.common-controls_6595b64144ccf1df_6.0.19041.3636_none_60b6a03d71f818d5;C:\Program Files\Amazon Corretto\jdk17.0.10_7\bin\server;C:\Program Files\JetBrains\IntelliJ IDEA Community Edition 2023.3.4\bin;C:\Users\baile\.openjfx\cache\17.0.6;C:\Windows\System32\DriverStore\FileRepository\iigd_dch.inf_amd64_a35f9c28ba2a1841;C:\Program Files\Common Files\Microsoft Shared\Ink

VM Arguments:
jvm_args: -javaagent:C:\Program Files\JetBrains\IntelliJ IDEA Community Edition 2023.3.4\lib\idea_rt.jar=54310:C:\Program Files\JetBrains\IntelliJ IDEA Community Edition 2023.3.4\bin -Dfile.encoding=UTF-8 --module-path=C:\Users\baile\.m2\repository\org\openjfx\javafx-graphics\17.0.6\javafx-graphics-17.0.6-win.jar;C:\Users\baile\.m2\repository\org\openjfx\javafx-controls\17.0.6\javafx-controls-17.0.6-win.jar;C:\Users\baile\.m2\repository\org\openjfx\javafx-base\17.0.6\javafx-base-17.0.6-win.jar;C:\Users\baile\.m2\repository\org\openjfx\javafx-fxml\17.0.6\javafx-fxml-17.0.6-win.jar;C:\Users\baile\IdeaProjects\Main_SEM_PROJ\target\classes -Djdk.module.main=com.example.main_sem_proj 
java_command: com.example.main_sem_proj/com.example.main_sem_proj.HelloApplication
java_class_path (initial): C:\Users\baile\.m2\repository\org\openjfx\javafx-controls\17.0.6\javafx-controls-17.0.6.jar;C:\Users\baile\.m2\repository\org\openjfx\javafx-graphics\17.0.6\javafx-graphics-17.0.6.jar;C:\Users\baile\.m2\repository\org\openjfx\javafx-base\17.0.6\javafx-base-17.0.6.jar;C:\Users\baile\.m2\repository\org\openjfx\javafx-fxml\17.0.6\javafx-fxml-17.0.6.jar
Launcher Type: SUN_STANDARD

[Global flags]
     intx CICompilerCount                          = 4                                         {product} {ergonomic}
     uint ConcGCThreads                            = 2                                         {product} {ergonomic}
     uint G1ConcRefinementThreads                  = 8                                         {product} {ergonomic}
   size_t G1HeapRegionSize                         = 1048576                                   {product} {ergonomic}
    uintx GCDrainStackTargetSize                   = 64                                        {product} {ergonomic}
   size_t InitialHeapSize                          = 130023424                                 {product} {ergonomic}
   size_t MarkStackSize                            = 4194304                                   {product} {ergonomic}
   size_t MaxHeapSize                              = 2061500416                                {product} {ergonomic}
   size_t MaxNewSize                               = 1236271104                                {product} {ergonomic}
   size_t MinHeapDeltaBytes                        = 1048576                                   {product} {ergonomic}
   size_t MinHeapSize                              = 8388608                                   {product} {ergonomic}
    uintx NonNMethodCodeHeapSize                   = 5839372                                {pd product} {ergonomic}
    uintx NonProfiledCodeHeapSize                  = 122909434                              {pd product} {ergonomic}
    uintx ProfiledCodeHeapSize                     = 122909434                              {pd product} {ergonomic}
    uintx ReservedCodeCacheSize                    = 251658240                              {pd product} {ergonomic}
     bool SegmentedCodeCache                       = true                                      {product} {ergonomic}
   size_t SoftMaxHeapSize                          = 2061500416                             {manageable} {ergonomic}
     bool UseCompressedClassPointers               = true                           {product lp64_product} {ergonomic}
     bool UseCompressedOops                        = true                           {product lp64_product} {ergonomic}
     bool UseG1GC                                  = true                                      {product} {ergonomic}
     bool UseLargePagesIndividualAllocation        = false                                  {pd product} {ergonomic}

Logging:
Log output configuration:
 #0: stdout all=off uptime,level,tags
 #1: stderr all=off uptime,level,tags

Environment Variables:
JAVA_HOME=C:\Program Files\Amazon Corretto\jdk17.0.10_7
PATH=C:\Program Files\Amazon Corretto\jdk17.0.10_7\bin;C:\Windows\system32;C:\Windows;C:\Windows\System32\Wbem;C:\Windows\System32\WindowsPowerShell\v1.0\;C:\Windows\System32\OpenSSH\;C:\Program Files\PuTTY\;C:\Program Files\Microsoft SQL Server\150\Tools\Binn\;C:\Program Files\Microsoft SQL Server\Client SDK\ODBC\170\Tools\Binn\;C:\Program Files\dotnet\;C:\Program Files\nodejs\;C:\Users\baile\AppData\Local\Programs\Python\Python311\Scripts\;C:\Users\baile\AppData\Local\Programs\Python\Python311\;C:\Users\baile\AppData\Local\Microsoft\WindowsApps;C:\Users\baile\AppData\Local\Programs\Microsoft VS Code\bin;C:\Users\baile\.dotnet\tools;C:\Users\baile\AppData\Roaming\npm
USERNAME=baile
OS=Windows_NT
PROCESSOR_IDENTIFIER=Intel64 Family 6 Model 140 Stepping 1, GenuineIntel
TMP=C:\Users\baile\AppData\Local\Temp
TEMP=C:\Users\baile\AppData\Local\Temp



Periodic native trim disabled


---------------  S Y S T E M  ---------------

OS:
 Windows 10 , 64 bit Build 19041 (10.0.19041.3636)
OS uptime: 8 days 23:25 hours
Hyper-V role detected

CPU: total 8 (initial active 8) (4 cores per cpu, 2 threads per core) family 6 model 140 stepping 1 microcode 0xb4, cx8, cmov, fxsr, ht, mmx, 3dnowpref, sse, sse2, sse3, ssse3, sse4.1, sse4.2, popcnt, lzcnt, tsc, tscinvbit, avx, avx2, aes, erms, clmul, bmi1, bmi2, adx, avx512f, avx512dq, avx512cd, avx512bw, avx512vl, sha, fma, vzeroupper, avx512_vpopcntdq, avx512_vpclmulqdq, avx512_vaes, avx512_vnni, clflush, clflushopt, clwb, avx512_vbmi2, avx512_vbmi, hv
Processor Information for all 8 processors :
  Max Mhz: 2419, Current Mhz: 907, Mhz Limit: 895

Memory: 4k page, system-wide physical 7860M (1508M free)
TotalPageFile size 19384M (AvailPageFile size 5915M)
current process WorkingSet (physical memory assigned to process): 161M, peak: 196M
current process commit charge ("private bytes"): 289M, peak: 320M

vm_info: OpenJDK 64-Bit Server VM (17.0.10+7-LTS) for windows-amd64 JRE (17.0.10+7-LTS), built on Jan 10 2024 22:11:07 by "Administrator" with MS VC++ 16.10 / 16.11 (VS2019)

END.
